<?xml version="1.0" encoding="UTF-8" standalone="yes"?><!DOCTYPE report PUBLIC "-//JACOCO//DTD Report 1.1//EN" "report.dtd"><report name="neo4j-to-neptune"><sessioninfo id="pkrvmccyg1gnepe-b35ff64b" start="1756493807497" dump="1756493843640"/><package name="com/amazonaws/services/neptune/io"><class name="com/amazonaws/services/neptune/io/RawCsvPrinter" sourcefilename="RawCsvPrinter.java"><method name="newPrinter" desc="(Ljava/nio/file/Path;Z)Lcom/amazonaws/services/neptune/io/RawCsvPrinter;" line="24"><counter type="INSTRUCTION" missed="6" covered="0"/><counter type="LINE" missed="1" covered="0"/><counter type="COMPLEXITY" missed="1" covered="0"/><counter type="METHOD" missed="1" covered="0"/></method><method name="newPrinter" desc="(Ljava/nio/file/Path;)Lcom/amazonaws/services/neptune/io/RawCsvPrinter;" line="28"><counter type="INSTRUCTION" missed="4" covered="0"/><counter type="LINE" missed="1" covered="0"/><counter type="COMPLEXITY" missed="1" covered="0"/><counter type="METHOD" missed="1" covered="0"/></method><method name="&lt;init&gt;" desc="(Ljava/nio/file/Path;Z)V" line="33"><counter type="INSTRUCTION" missed="14" covered="0"/><counter type="LINE" missed="3" covered="0"/><counter type="COMPLEXITY" missed="1" covered="0"/><counter type="METHOD" missed="1" covered="0"/></method><method name="printRecord" desc="(Ljava/lang/Iterable;)V" line="38"><counter type="INSTRUCTION" missed="11" covered="0"/><counter type="LINE" missed="3" covered="0"/><counter type="COMPLEXITY" missed="1" covered="0"/><counter type="METHOD" missed="1" covered="0"/></method><method name="printRecord" desc="(Ljava/lang/String;)V" line="43"><counter type="INSTRUCTION" missed="9" covered="0"/><counter type="LINE" missed="3" covered="0"/><counter type="COMPLEXITY" missed="1" covered="0"/><counter type="METHOD" missed="1" covered="0"/></method><method name="flush" desc="()V" line="49"><counter type="INSTRUCTION" missed="4" covered="0"/><counter type="LINE" missed="2" covered="0"/><counter type="COMPLEXITY" missed="1" covered="0"/><counter type="METHOD" missed="1" covered="0"/></method><method name="close" desc="()V" line="54"><counter type="INSTRUCTION" missed="4" covered="0"/><counter type="LINE" missed="2" covered="0"/><counter type="COMPLEXITY" missed="1" covered="0"/><counter type="METHOD" missed="1" covered="0"/></method><counter type="INSTRUCTION" missed="52" covered="0"/><counter type="LINE" missed="15" covered="0"/><counter type="COMPLEXITY" missed="7" covered="0"/><counter type="METHOD" missed="7" covered="0"/><counter type="CLASS" missed="1" covered="0"/></class><class name="com/amazonaws/services/neptune/io/Neo4jStreamWriter$Neo4jStreamWriterConfig" sourcefilename="Neo4jStreamWriter.java"><method name="&lt;init&gt;" desc="(III)V" line="290"><counter type="INSTRUCTION" missed="0" covered="12"/><counter type="LINE" missed="0" covered="5"/><counter type="COMPLEXITY" missed="0" covered="1"/><counter type="METHOD" missed="0" covered="1"/></method><method name="defaultConfig" desc="()Lcom/amazonaws/services/neptune/io/Neo4jStreamWriter$Neo4jStreamWriterConfig;" line="297"><counter type="INSTRUCTION" missed="0" covered="7"/><counter type="LINE" missed="0" covered="1"/><counter type="COMPLEXITY" missed="0" covered="1"/><counter type="METHOD" missed="0" covered="1"/></method><method name="getConnectionTimeoutSeconds" desc="()I" line="301"><counter type="INSTRUCTION" missed="0" covered="3"/><counter type="LINE" missed="0" covered="1"/><counter type="COMPLEXITY" missed="0" covered="1"/><counter type="METHOD" missed="0" covered="1"/></method><method name="getMaxConnectionLifetimeMinutes" desc="()I" line="305"><counter type="INSTRUCTION" missed="0" covered="3"/><counter type="LINE" missed="0" covered="1"/><counter type="COMPLEXITY" missed="0" covered="1"/><counter type="METHOD" missed="0" covered="1"/></method><method name="getBatchSize" desc="()I" line="309"><counter type="INSTRUCTION" missed="0" covered="3"/><counter type="LINE" missed="0" covered="1"/><counter type="COMPLEXITY" missed="0" covered="1"/><counter type="METHOD" missed="0" covered="1"/></method><counter type="INSTRUCTION" missed="0" covered="28"/><counter type="LINE" missed="0" covered="9"/><counter type="COMPLEXITY" missed="0" covered="5"/><counter type="METHOD" missed="0" covered="5"/><counter type="CLASS" missed="0" covered="1"/></class><class name="com/amazonaws/services/neptune/io/OutputFile" sourcefilename="OutputFile.java"><method name="&lt;init&gt;" desc="(Lcom/amazonaws/services/neptune/io/Directories;Ljava/lang/String;)V" line="27"><counter type="INSTRUCTION" missed="15" covered="0"/><counter type="LINE" missed="5" covered="0"/><counter type="COMPLEXITY" missed="1" covered="0"/><counter type="METHOD" missed="1" covered="0"/></method><method name="printRecord" desc="(Ljava/lang/Iterable;)V" line="36"><counter type="INSTRUCTION" missed="5" covered="0"/><counter type="LINE" missed="2" covered="0"/><counter type="COMPLEXITY" missed="1" covered="0"/><counter type="METHOD" missed="1" covered="0"/></method><method name="printHeaders" desc="(Ljava/lang/Iterable;)V" line="41"><counter type="INSTRUCTION" missed="59" covered="0"/><counter type="BRANCH" missed="2" covered="0"/><counter type="LINE" missed="14" covered="0"/><counter type="COMPLEXITY" missed="2" covered="0"/><counter type="METHOD" missed="1" covered="0"/></method><method name="close" desc="()V" line="66"><counter type="INSTRUCTION" missed="7" covered="0"/><counter type="LINE" missed="3" covered="0"/><counter type="COMPLEXITY" missed="1" covered="0"/><counter type="METHOD" missed="1" covered="0"/></method><counter type="INSTRUCTION" missed="86" covered="0"/><counter type="BRANCH" missed="2" covered="0"/><counter type="LINE" missed="24" covered="0"/><counter type="COMPLEXITY" missed="5" covered="0"/><counter type="METHOD" missed="4" covered="0"/><counter type="CLASS" missed="1" covered="0"/></class><class name="com/amazonaws/services/neptune/io/Neo4jStreamWriter" sourcefilename="Neo4jStreamWriter.java"><method name="&lt;init&gt;" desc="(Ljava/lang/String;Ljava/lang/String;Ljava/lang/String;Lcom/amazonaws/services/neptune/io/Directories;)V" line="52"><counter type="INSTRUCTION" missed="8" covered="0"/><counter type="LINE" missed="2" covered="0"/><counter type="COMPLEXITY" missed="1" covered="0"/><counter type="METHOD" missed="1" covered="0"/></method><method name="&lt;init&gt;" desc="(Ljava/lang/String;Ljava/lang/String;Ljava/lang/String;Lcom/amazonaws/services/neptune/io/Directories;Lcom/amazonaws/services/neptune/io/Neo4jStreamWriter$Neo4jStreamWriterConfig;)V" line="65"><counter type="INSTRUCTION" missed="9" covered="47"/><counter type="LINE" missed="4" covered="12"/><counter type="COMPLEXITY" missed="0" covered="1"/><counter type="METHOD" missed="0" covered="1"/></method><method name="streamToFile" desc="()Ljava/io/File;" line="94"><counter type="INSTRUCTION" missed="4" covered="0"/><counter type="LINE" missed="1" covered="0"/><counter type="COMPLEXITY" missed="1" covered="0"/><counter type="METHOD" missed="1" covered="0"/></method><method name="streamToFile" desc="(Ljava/lang/String;)Ljava/io/File;" line="105"><counter type="INSTRUCTION" missed="132" covered="0"/><counter type="BRANCH" missed="8" covered="0"/><counter type="LINE" missed="33" covered="0"/><counter type="COMPLEXITY" missed="5" covered="0"/><counter type="METHOD" missed="1" covered="0"/></method><method name="streamCustomQueryToFile" desc="(Ljava/lang/String;Ljava/lang/String;)Ljava/io/File;" line="161"><counter type="INSTRUCTION" missed="121" covered="0"/><counter type="BRANCH" missed="10" covered="0"/><counter type="LINE" missed="31" covered="0"/><counter type="COMPLEXITY" missed="6" covered="0"/><counter type="METHOD" missed="1" covered="0"/></method><method name="close" desc="()V" line="209"><counter type="INSTRUCTION" missed="17" covered="0"/><counter type="BRANCH" missed="2" covered="0"/><counter type="LINE" missed="7" covered="0"/><counter type="COMPLEXITY" missed="2" covered="0"/><counter type="METHOD" missed="1" covered="0"/></method><method name="validateInputs" desc="(Ljava/lang/String;Ljava/lang/String;Ljava/lang/String;Lcom/amazonaws/services/neptune/io/Directories;Lcom/amazonaws/services/neptune/io/Neo4jStreamWriter$Neo4jStreamWriterConfig;)V" line="220"><counter type="INSTRUCTION" missed="0" covered="40"/><counter type="BRANCH" missed="0" covered="12"/><counter type="LINE" missed="0" covered="11"/><counter type="COMPLEXITY" missed="0" covered="7"/><counter type="METHOD" missed="0" covered="1"/></method><method name="buildExportQuery" desc="()Ljava/lang/String;" line="238"><counter type="INSTRUCTION" missed="31" covered="0"/><counter type="BRANCH" missed="2" covered="0"/><counter type="LINE" missed="8" covered="0"/><counter type="COMPLEXITY" missed="2" covered="0"/><counter type="METHOD" missed="1" covered="0"/></method><method name="logRecordInfo" desc="(Ljava/util/Map;J)V" line="253"><counter type="INSTRUCTION" missed="40" covered="0"/><counter type="BRANCH" missed="2" covered="0"/><counter type="LINE" missed="7" covered="0"/><counter type="COMPLEXITY" missed="2" covered="0"/><counter type="METHOD" missed="1" covered="0"/></method><method name="processDataObject" desc="(Ljava/lang/Object;Ljava/io/BufferedWriter;)J" line="264"><counter type="INSTRUCTION" missed="42" covered="0"/><counter type="BRANCH" missed="4" covered="0"/><counter type="LINE" missed="10" covered="0"/><counter type="COMPLEXITY" missed="3" covered="0"/><counter type="METHOD" missed="1" covered="0"/></method><method name="&lt;clinit&gt;" desc="()V" line="35"><counter type="INSTRUCTION" missed="0" covered="5"/><counter type="LINE" missed="0" covered="1"/><counter type="COMPLEXITY" missed="0" covered="1"/><counter type="METHOD" missed="0" covered="1"/></method><counter type="INSTRUCTION" missed="404" covered="92"/><counter type="BRANCH" missed="28" covered="12"/><counter type="LINE" missed="103" covered="24"/><counter type="COMPLEXITY" missed="22" covered="9"/><counter type="METHOD" missed="8" covered="3"/><counter type="CLASS" missed="0" covered="1"/></class><class name="com/amazonaws/services/neptune/io/Directories" sourcefilename="Directories.java"><method name="createFor" desc="(Ljava/io/File;)Lcom/amazonaws/services/neptune/io/Directories;" line="23"><counter type="INSTRUCTION" missed="5" covered="22"/><counter type="BRANCH" missed="1" covered="1"/><counter type="LINE" missed="1" covered="6"/><counter type="COMPLEXITY" missed="1" covered="1"/><counter type="METHOD" missed="0" covered="1"/></method><method name="&lt;init&gt;" desc="(Ljava/nio/file/Path;)V" line="38"><counter type="INSTRUCTION" missed="0" covered="6"/><counter type="LINE" missed="0" covered="3"/><counter type="COMPLEXITY" missed="0" covered="1"/><counter type="METHOD" missed="0" covered="1"/></method><method name="outputDirectory" desc="()Ljava/nio/file/Path;" line="43"><counter type="INSTRUCTION" missed="0" covered="3"/><counter type="LINE" missed="0" covered="1"/><counter type="COMPLEXITY" missed="0" covered="1"/><counter type="METHOD" missed="0" covered="1"/></method><method name="createFilePath" desc="(Ljava/lang/String;)Ljava/nio/file/Path;" line="47"><counter type="INSTRUCTION" missed="0" covered="5"/><counter type="LINE" missed="0" covered="1"/><counter type="COMPLEXITY" missed="0" covered="1"/><counter type="METHOD" missed="0" covered="1"/></method><method name="createFilePath" desc="(Ljava/lang/String;Ljava/lang/Object;)Ljava/nio/file/Path;" line="52"><counter type="INSTRUCTION" missed="0" covered="29"/><counter type="BRANCH" missed="0" covered="2"/><counter type="LINE" missed="0" covered="4"/><counter type="COMPLEXITY" missed="0" covered="2"/><counter type="METHOD" missed="0" covered="1"/></method><counter type="INSTRUCTION" missed="5" covered="65"/><counter type="BRANCH" missed="1" covered="3"/><counter type="LINE" missed="1" covered="15"/><counter type="COMPLEXITY" missed="1" covered="6"/><counter type="METHOD" missed="0" covered="5"/><counter type="CLASS" missed="0" covered="1"/></class><sourcefile name="Directories.java"><line nr="23" mi="0" ci="2" mb="1" cb="1"/><line nr="24" mi="5" ci="0" mb="0" cb="0"/><line nr="27" mi="0" ci="3" mb="0" cb="0"/><line nr="28" mi="0" ci="3" mb="0" cb="0"/><line nr="30" mi="0" ci="4" mb="0" cb="0"/><line nr="31" mi="0" ci="5" mb="0" cb="0"/><line nr="33" mi="0" ci="5" mb="0" cb="0"/><line nr="38" mi="0" ci="2" mb="0" cb="0"/><line nr="39" mi="0" ci="3" mb="0" cb="0"/><line nr="40" mi="0" ci="1" mb="0" cb="0"/><line nr="43" mi="0" ci="3" mb="0" cb="0"/><line nr="47" mi="0" ci="5" mb="0" cb="0"/><line nr="52" mi="0" ci="2" mb="0" cb="2"/><line nr="53" mi="0" ci="9" mb="0" cb="0"/><line nr="54" mi="0" ci="13" mb="0" cb="0"/><line nr="56" mi="0" ci="5" mb="0" cb="0"/><counter type="INSTRUCTION" missed="5" covered="65"/><counter type="BRANCH" missed="1" covered="3"/><counter type="LINE" missed="1" covered="15"/><counter type="COMPLEXITY" missed="1" covered="6"/><counter type="METHOD" missed="0" covered="5"/><counter type="CLASS" missed="0" covered="1"/></sourcefile><sourcefile name="RawCsvPrinter.java"><line nr="24" mi="6" ci="0" mb="0" cb="0"/><line nr="28" mi="4" ci="0" mb="0" cb="0"/><line nr="33" mi="2" ci="0" mb="0" cb="0"/><line nr="34" mi="11" ci="0" mb="0" cb="0"/><line nr="35" mi="1" ci="0" mb="0" cb="0"/><line nr="38" mi="6" ci="0" mb="0" cb="0"/><line nr="39" mi="4" ci="0" mb="0" cb="0"/><line nr="40" mi="1" ci="0" mb="0" cb="0"/><line nr="43" mi="4" ci="0" mb="0" cb="0"/><line nr="44" mi="4" ci="0" mb="0" cb="0"/><line nr="45" mi="1" ci="0" mb="0" cb="0"/><line nr="49" mi="3" ci="0" mb="0" cb="0"/><line nr="50" mi="1" ci="0" mb="0" cb="0"/><line nr="54" mi="3" ci="0" mb="0" cb="0"/><line nr="55" mi="1" ci="0" mb="0" cb="0"/><counter type="INSTRUCTION" missed="52" covered="0"/><counter type="LINE" missed="15" covered="0"/><counter type="COMPLEXITY" missed="7" covered="0"/><counter type="METHOD" missed="7" covered="0"/><counter type="CLASS" missed="1" covered="0"/></sourcefile><sourcefile name="Neo4jStreamWriter.java"><line nr="35" mi="0" ci="5" mb="0" cb="0"/><line nr="52" mi="7" ci="0" mb="0" cb="0"/><line nr="53" mi="1" ci="0" mb="0" cb="0"/><line nr="65" mi="0" ci="2" mb="0" cb="0"/><line nr="66" mi="0" ci="7" mb="0" cb="0"/><line nr="68" mi="0" ci="3" mb="0" cb="0"/><line nr="69" mi="0" ci="3" mb="0" cb="0"/><line nr="72" mi="0" ci="7" mb="0" cb="0"/><line nr="73" mi="0" ci="2" mb="0" cb="0"/><line nr="74" mi="0" ci="5" mb="0" cb="0"/><line nr="75" mi="0" ci="4" mb="0" cb="0"/><line nr="76" mi="0" ci="1" mb="0" cb="0"/><line nr="78" mi="3" ci="0" mb="0" cb="0"/><line nr="80" mi="4" ci="0" mb="0" cb="0"/><line nr="81" mi="0" ci="1" mb="0" cb="0"/><line nr="82" mi="0" ci="6" mb="0" cb="0"/><line nr="83" mi="0" ci="6" mb="0" cb="0"/><line nr="84" mi="1" ci="0" mb="0" cb="0"/><line nr="85" mi="1" ci="0" mb="0" cb="0"/><line nr="94" mi="4" ci="0" mb="0" cb="0"/><line nr="105" mi="6" ci="0" mb="4" cb="0"/><line nr="106" mi="5" ci="0" mb="0" cb="0"/><line nr="109" mi="6" ci="0" mb="0" cb="0"/><line nr="110" mi="3" ci="0" mb="0" cb="0"/><line nr="112" mi="5" ci="0" mb="0" cb="0"/><line nr="114" mi="6" ci="0" mb="0" cb="0"/><line nr="115" mi="4" ci="0" mb="0" cb="0"/><line nr="117" mi="3" ci="0" mb="0" cb="0"/><line nr="118" mi="4" ci="0" mb="0" cb="0"/><line nr="120" mi="4" ci="0" mb="0" cb="0"/><line nr="121" mi="2" ci="0" mb="0" cb="0"/><line nr="122" mi="2" ci="0" mb="0" cb="0"/><line nr="124" mi="3" ci="0" mb="2" cb="0"/><line nr="125" mi="3" ci="0" mb="0" cb="0"/><line nr="126" mi="4" ci="0" mb="0" cb="0"/><line nr="128" mi="3" ci="0" mb="0" cb="0"/><line nr="129" mi="4" ci="0" mb="0" cb="0"/><line nr="131" mi="4" ci="0" mb="0" cb="0"/><line nr="132" mi="2" ci="0" mb="2" cb="0"/><line nr="133" mi="7" ci="0" mb="0" cb="0"/><line nr="135" mi="1" ci="0" mb="0" cb="0"/><line nr="137" mi="9" ci="0" mb="0" cb="0"/><line nr="138" mi="12" ci="0" mb="0" cb="0"/><line nr="139" mi="4" ci="0" mb="0" cb="0"/><line nr="141" mi="1" ci="0" mb="0" cb="0"/><line nr="142" mi="5" ci="0" mb="0" cb="0"/><line nr="143" mi="2" ci="0" mb="0" cb="0"/><line nr="144" mi="1" ci="0" mb="0" cb="0"/><line nr="145" mi="7" ci="0" mb="0" cb="0"/><line nr="146" mi="2" ci="0" mb="0" cb="0"/><line nr="147" mi="1" ci="0" mb="0" cb="0"/><line nr="148" mi="5" ci="0" mb="0" cb="0"/><line nr="149" mi="2" ci="0" mb="0" cb="0"/><line nr="161" mi="6" ci="0" mb="4" cb="0"/><line nr="162" mi="5" ci="0" mb="0" cb="0"/><line nr="164" mi="6" ci="0" mb="4" cb="0"/><line nr="165" mi="5" ci="0" mb="0" cb="0"/><line nr="168" mi="6" ci="0" mb="0" cb="0"/><line nr="169" mi="3" ci="0" mb="0" cb="0"/><line nr="171" mi="5" ci="0" mb="0" cb="0"/><line nr="173" mi="6" ci="0" mb="0" cb="0"/><line nr="174" mi="4" ci="0" mb="0" cb="0"/><line nr="176" mi="4" ci="0" mb="0" cb="0"/><line nr="178" mi="4" ci="0" mb="0" cb="0"/><line nr="179" mi="2" ci="0" mb="0" cb="0"/><line nr="181" mi="3" ci="0" mb="2" cb="0"/><line nr="182" mi="3" ci="0" mb="0" cb="0"/><line nr="183" mi="4" ci="0" mb="0" cb="0"/><line nr="186" mi="4" ci="0" mb="0" cb="0"/><line nr="187" mi="2" ci="0" mb="0" cb="0"/><line nr="188" mi="1" ci="0" mb="0" cb="0"/><line nr="189" mi="2" ci="0" mb="0" cb="0"/><line nr="191" mi="9" ci="0" mb="0" cb="0"/><line nr="192" mi="7" ci="0" mb="0" cb="0"/><line nr="193" mi="4" ci="0" mb="0" cb="0"/><line nr="195" mi="1" ci="0" mb="0" cb="0"/><line nr="196" mi="5" ci="0" mb="0" cb="0"/><line nr="197" mi="2" ci="0" mb="0" cb="0"/><line nr="198" mi="1" ci="0" mb="0" cb="0"/><line nr="199" mi="7" ci="0" mb="0" cb="0"/><line nr="200" mi="2" ci="0" mb="0" cb="0"/><line nr="201" mi="1" ci="0" mb="0" cb="0"/><line nr="202" mi="5" ci="0" mb="0" cb="0"/><line nr="203" mi="2" ci="0" mb="0" cb="0"/><line nr="209" mi="3" ci="0" mb="2" cb="0"/><line nr="211" mi="3" ci="0" mb="0" cb="0"/><line nr="212" mi="3" ci="0" mb="0" cb="0"/><line nr="213" mi="1" ci="0" mb="0" cb="0"/><line nr="214" mi="5" ci="0" mb="0" cb="0"/><line nr="215" mi="1" ci="0" mb="0" cb="0"/><line nr="217" mi="1" ci="0" mb="0" cb="0"/><line nr="220" mi="0" ci="6" mb="0" cb="4"/><line nr="221" mi="0" ci="5" mb="0" cb="0"/><line nr="223" mi="0" ci="2" mb="0" cb="2"/><line nr="224" mi="0" ci="5" mb="0" cb="0"/><line nr="226" mi="0" ci="2" mb="0" cb="2"/><line nr="227" mi="0" ci="5" mb="0" cb="0"/><line nr="229" mi="0" ci="2" mb="0" cb="2"/><line nr="230" mi="0" ci="5" mb="0" cb="0"/><line nr="232" mi="0" ci="2" mb="0" cb="2"/><line nr="233" mi="0" ci="5" mb="0" cb="0"/><line nr="235" mi="0" ci="1" mb="0" cb="0"/><line nr="238" mi="4" ci="0" mb="0" cb="0"/><line nr="239" mi="4" ci="0" mb="0" cb="0"/><line nr="241" mi="4" ci="0" mb="2" cb="0"/><line nr="242" mi="8" ci="0" mb="0" cb="0"/><line nr="245" mi="4" ci="0" mb="0" cb="0"/><line nr="246" mi="2" ci="0" mb="0" cb="0"/><line nr="247" mi="2" ci="0" mb="0" cb="0"/><line nr="249" mi="3" ci="0" mb="0" cb="0"/><line nr="253" mi="4" ci="0" mb="2" cb="0"/><line nr="254" mi="4" ci="0" mb="0" cb="0"/><line nr="255" mi="4" ci="0" mb="0" cb="0"/><line nr="256" mi="4" ci="0" mb="0" cb="0"/><line nr="258" mi="9" ci="0" mb="0" cb="0"/><line nr="259" mi="14" ci="0" mb="0" cb="0"/><line nr="261" mi="1" ci="0" mb="0" cb="0"/><line nr="264" mi="3" ci="0" mb="0" cb="0"/><line nr="267" mi="4" ci="0" mb="0" cb="0"/><line nr="268" mi="2" ci="0" mb="0" cb="0"/><line nr="270" mi="16" ci="0" mb="2" cb="0"/><line nr="271" mi="4" ci="0" mb="2" cb="0"/><line nr="272" mi="3" ci="0" mb="0" cb="0"/><line nr="273" mi="2" ci="0" mb="0" cb="0"/><line nr="274" mi="4" ci="0" mb="0" cb="0"/><line nr="277" mi="2" ci="0" mb="0" cb="0"/><line nr="279" mi="2" ci="0" mb="0" cb="0"/><line nr="290" mi="0" ci="2" mb="0" cb="0"/><line nr="291" mi="0" ci="3" mb="0" cb="0"/><line nr="292" mi="0" ci="3" mb="0" cb="0"/><line nr="293" mi="0" ci="3" mb="0" cb="0"/><line nr="294" mi="0" ci="1" mb="0" cb="0"/><line nr="297" mi="0" ci="7" mb="0" cb="0"/><line nr="301" mi="0" ci="3" mb="0" cb="0"/><line nr="305" mi="0" ci="3" mb="0" cb="0"/><line nr="309" mi="0" ci="3" mb="0" cb="0"/><counter type="INSTRUCTION" missed="404" covered="120"/><counter type="BRANCH" missed="28" covered="12"/><counter type="LINE" missed="103" covered="33"/><counter type="COMPLEXITY" missed="22" covered="14"/><counter type="METHOD" missed="8" covered="8"/><counter type="CLASS" missed="0" covered="2"/></sourcefile><sourcefile name="OutputFile.java"><line nr="27" mi="2" ci="0" mb="0" cb="0"/><line nr="29" mi="3" ci="0" mb="0" cb="0"/><line nr="30" mi="3" ci="0" mb="0" cb="0"/><line nr="32" mi="6" ci="0" mb="0" cb="0"/><line nr="33" mi="1" ci="0" mb="0" cb="0"/><line nr="36" mi="4" ci="0" mb="0" cb="0"/><line nr="37" mi="1" ci="0" mb="0" cb="0"/><line nr="41" mi="6" ci="0" mb="0" cb="0"/><line nr="42" mi="7" ci="0" mb="0" cb="0"/><line nr="44" mi="3" ci="0" mb="0" cb="0"/><line nr="45" mi="3" ci="0" mb="0" cb="0"/><line nr="47" mi="3" ci="0" mb="0" cb="0"/><line nr="48" mi="3" ci="0" mb="0" cb="0"/><line nr="50" mi="3" ci="0" mb="0" cb="0"/><line nr="51" mi="7" ci="0" mb="0" cb="0"/><line nr="53" mi="2" ci="0" mb="0" cb="0"/><line nr="56" mi="3" ci="0" mb="0" cb="0"/><line nr="57" mi="6" ci="0" mb="2" cb="0"/><line nr="58" mi="7" ci="0" mb="0" cb="0"/><line nr="61" mi="5" ci="0" mb="0" cb="0"/><line nr="62" mi="1" ci="0" mb="0" cb="0"/><line nr="66" mi="3" ci="0" mb="0" cb="0"/><line nr="67" mi="3" ci="0" mb="0" cb="0"/><line nr="68" mi="1" ci="0" mb="0" cb="0"/><counter type="INSTRUCTION" missed="86" covered="0"/><counter type="BRANCH" missed="2" covered="0"/><counter type="LINE" missed="24" covered="0"/><counter type="COMPLEXITY" missed="5" covered="0"/><counter type="METHOD" missed="4" covered="0"/><counter type="CLASS" missed="1" covered="0"/></sourcefile><counter type="INSTRUCTION" missed="547" covered="185"/><counter type="BRANCH" missed="31" covered="15"/><counter type="LINE" missed="143" covered="48"/><counter type="COMPLEXITY" missed="35" covered="20"/><counter type="METHOD" missed="19" covered="13"/><counter type="CLASS" missed="2" covered="3"/></package><package name="com/amazonaws/services/neptune"><class name="com/amazonaws/services/neptune/ConvertCsv" sourcefilename="ConvertCsv.java"><method name="&lt;init&gt;" desc="()V" line="41"><counter type="INSTRUCTION" missed="15" covered="0"/><counter type="LINE" missed="5" covered="0"/><counter type="COMPLEXITY" missed="1" covered="0"/><counter type="METHOD" missed="1" covered="0"/></method><method name="run" desc="()V" line="146"><counter type="INSTRUCTION" missed="153" covered="0"/><counter type="BRANCH" missed="14" covered="0"/><counter type="LINE" missed="42" covered="0"/><counter type="COMPLEXITY" missed="8" covered="0"/><counter type="METHOD" missed="1" covered="0"/></method><method name="readBulkLoadConfig" desc="()Lcom/amazonaws/services/neptune/metadata/BulkLoadConfig;" line="224"><counter type="INSTRUCTION" missed="48" covered="0"/><counter type="BRANCH" missed="10" covered="0"/><counter type="LINE" missed="14" covered="0"/><counter type="COMPLEXITY" missed="6" covered="0"/><counter type="METHOD" missed="1" covered="0"/></method><method name="processCsvInTwoPasses" desc="(Ljava/io/File;Lcom/amazonaws/services/neptune/io/OutputFile;Lcom/amazonaws/services/neptune/io/OutputFile;Lcom/amazonaws/services/neptune/metadata/ConversionConfig;)V" line="261"><counter type="INSTRUCTION" missed="141" covered="0"/><counter type="BRANCH" missed="14" covered="0"/><counter type="LINE" missed="31" covered="0"/><counter type="COMPLEXITY" missed="8" covered="0"/><counter type="METHOD" missed="1" covered="0"/></method><method name="processEdge" desc="(Lcom/amazonaws/services/neptune/io/OutputFile;Ljava/util/concurrent/atomic/AtomicLong;Ljava/util/concurrent/atomic/AtomicLong;Lcom/amazonaws/services/neptune/metadata/EdgeMetadata;Lorg/apache/commons/csv/CSVRecord;)V" line="326"><counter type="INSTRUCTION" missed="13" covered="0"/><counter type="LINE" missed="3" covered="0"/><counter type="COMPLEXITY" missed="1" covered="0"/><counter type="METHOD" missed="1" covered="0"/></method><method name="processVertex" desc="(Lcom/amazonaws/services/neptune/io/OutputFile;Ljava/util/Map;Ljava/util/Set;Ljava/util/concurrent/atomic/AtomicLong;Ljava/util/concurrent/atomic/AtomicLong;Lcom/amazonaws/services/neptune/metadata/VertexMetadata;Lorg/apache/commons/csv/CSVRecord;)V" line="338"><counter type="INSTRUCTION" missed="15" covered="0"/><counter type="LINE" missed="2" covered="0"/><counter type="COMPLEXITY" missed="1" covered="0"/><counter type="METHOD" missed="1" covered="0"/></method><method name="printStatistics" desc="(Lcom/amazonaws/services/neptune/metadata/ConversionConfig;Ljava/util/concurrent/atomic/AtomicLong;Ljava/util/concurrent/atomic/AtomicLong;Ljava/util/concurrent/atomic/AtomicLong;Ljava/util/concurrent/atomic/AtomicLong;)V" line="363"><counter type="INSTRUCTION" missed="63" covered="0"/><counter type="BRANCH" missed="8" covered="0"/><counter type="LINE" missed="13" covered="0"/><counter type="COMPLEXITY" missed="5" covered="0"/><counter type="METHOD" missed="1" covered="0"/></method><method name="lambda$processVertex$2" desc="(Ljava/util/concurrent/atomic/AtomicLong;Ljava/util/Set;Lorg/apache/commons/csv/CSVRecord;)V" line="355"><counter type="INSTRUCTION" missed="10" covered="0"/><counter type="LINE" missed="3" covered="0"/><counter type="COMPLEXITY" missed="1" covered="0"/><counter type="METHOD" missed="1" covered="0"/></method><method name="lambda$processVertex$1" desc="(Lcom/amazonaws/services/neptune/io/OutputFile;Ljava/util/concurrent/atomic/AtomicLong;Lorg/apache/commons/csv/CSVRecord;Lcom/amazonaws/services/neptune/metadata/VertexMetadata;Ljava/util/Map;Ljava/lang/Iterable;)V" line="340"><counter type="INSTRUCTION" missed="34" covered="0"/><counter type="BRANCH" missed="2" covered="0"/><counter type="LINE" missed="10" covered="0"/><counter type="COMPLEXITY" missed="2" covered="0"/><counter type="METHOD" missed="1" covered="0"/></method><method name="lambda$processEdge$0" desc="(Lcom/amazonaws/services/neptune/io/OutputFile;Ljava/util/concurrent/atomic/AtomicLong;Ljava/lang/Iterable;)V" line="328"><counter type="INSTRUCTION" missed="14" covered="0"/><counter type="LINE" missed="6" covered="0"/><counter type="COMPLEXITY" missed="1" covered="0"/><counter type="METHOD" missed="1" covered="0"/></method><counter type="INSTRUCTION" missed="506" covered="0"/><counter type="BRANCH" missed="48" covered="0"/><counter type="LINE" missed="128" covered="0"/><counter type="COMPLEXITY" missed="34" covered="0"/><counter type="METHOD" missed="10" covered="0"/><counter type="CLASS" missed="1" covered="0"/></class><class name="com/amazonaws/services/neptune/Neo4jToNeptuneCli" sourcefilename="Neo4jToNeptuneCli.java"><method name="&lt;init&gt;" desc="()V" line="25"><counter type="INSTRUCTION" missed="3" covered="0"/><counter type="LINE" missed="1" covered="0"/><counter type="COMPLEXITY" missed="1" covered="0"/><counter type="METHOD" missed="1" covered="0"/></method><method name="main" desc="([Ljava/lang/String;)V" line="28"><counter type="INSTRUCTION" missed="41" covered="0"/><counter type="LINE" missed="11" covered="0"/><counter type="COMPLEXITY" missed="1" covered="0"/><counter type="METHOD" missed="1" covered="0"/></method><counter type="INSTRUCTION" missed="44" covered="0"/><counter type="LINE" missed="12" covered="0"/><counter type="COMPLEXITY" missed="2" covered="0"/><counter type="METHOD" missed="2" covered="0"/><counter type="CLASS" missed="1" covered="0"/></class><sourcefile name="Neo4jToNeptuneCli.java"><line nr="25" mi="3" ci="0" mb="0" cb="0"/><line nr="28" mi="5" ci="0" mb="0" cb="0"/><line nr="31" mi="5" ci="0" mb="0" cb="0"/><line nr="32" mi="2" ci="0" mb="0" cb="0"/><line nr="33" mi="1" ci="0" mb="0" cb="0"/><line nr="35" mi="4" ci="0" mb="0" cb="0"/><line nr="36" mi="2" ci="0" mb="0" cb="0"/><line nr="38" mi="16" ci="0" mb="0" cb="0"/><line nr="39" mi="2" ci="0" mb="0" cb="0"/><line nr="41" mi="2" ci="0" mb="0" cb="0"/><line nr="42" mi="1" ci="0" mb="0" cb="0"/><line nr="43" mi="1" ci="0" mb="0" cb="0"/><counter type="INSTRUCTION" missed="44" covered="0"/><counter type="LINE" missed="12" covered="0"/><counter type="COMPLEXITY" missed="2" covered="0"/><counter type="METHOD" missed="2" covered="0"/><counter type="CLASS" missed="1" covered="0"/></sourcefile><sourcefile name="ConvertCsv.java"><line nr="41" mi="2" ci="0" mb="0" cb="0"/><line nr="80" mi="3" ci="0" mb="0" cb="0"/><line nr="85" mi="3" ci="0" mb="0" cb="0"/><line nr="90" mi="3" ci="0" mb="0" cb="0"/><line nr="95" mi="4" ci="0" mb="0" cb="0"/><line nr="146" mi="3" ci="0" mb="0" cb="0"/><line nr="149" mi="4" ci="0" mb="0" cb="0"/><line nr="151" mi="4" ci="0" mb="0" cb="0"/><line nr="153" mi="3" ci="0" mb="0" cb="0"/><line nr="154" mi="2" ci="0" mb="0" cb="0"/><line nr="157" mi="2" ci="0" mb="2" cb="0"/><line nr="159" mi="3" ci="0" mb="2" cb="0"/><line nr="160" mi="3" ci="0" mb="0" cb="0"/><line nr="161" mi="4" ci="0" mb="0" cb="0"/><line nr="162" mi="2" ci="0" mb="0" cb="0"/><line nr="163" mi="2" ci="0" mb="0" cb="0"/><line nr="164" mi="4" ci="0" mb="0" cb="0"/><line nr="165" mi="4" ci="0" mb="0" cb="0"/><line nr="166" mi="4" ci="0" mb="0" cb="0"/><line nr="167" mi="1" ci="0" mb="0" cb="0"/><line nr="168" mi="3" ci="0" mb="0" cb="0"/><line nr="169" mi="3" ci="0" mb="0" cb="0"/><line nr="170" mi="3" ci="0" mb="0" cb="0"/><line nr="172" mi="8" ci="0" mb="0" cb="0"/><line nr="173" mi="3" ci="0" mb="0" cb="0"/><line nr="176" mi="2" ci="0" mb="0" cb="0"/><line nr="179" mi="4" ci="0" mb="0" cb="0"/><line nr="180" mi="6" ci="0" mb="0" cb="0"/><line nr="181" mi="6" ci="0" mb="0" cb="0"/><line nr="184" mi="6" ci="0" mb="0" cb="0"/><line nr="186" mi="6" ci="0" mb="0" cb="0"/><line nr="188" mi="8" ci="0" mb="4" cb="0"/><line nr="189" mi="6" ci="0" mb="0" cb="0"/><line nr="192" mi="4" ci="0" mb="0" cb="0"/><line nr="195" mi="6" ci="0" mb="2" cb="0"/><line nr="199" mi="2" ci="0" mb="2" cb="0"/><line nr="200" mi="5" ci="0" mb="0" cb="0"/><line nr="202" mi="5" ci="0" mb="0" cb="0"/><line nr="203" mi="4" ci="0" mb="0" cb="0"/><line nr="204" mi="4" ci="0" mb="0" cb="0"/><line nr="206" mi="3" ci="0" mb="2" cb="0"/><line nr="207" mi="3" ci="0" mb="0" cb="0"/><line nr="211" mi="1" ci="0" mb="0" cb="0"/><line nr="212" mi="3" ci="0" mb="0" cb="0"/><line nr="213" mi="2" ci="0" mb="0" cb="0"/><line nr="214" mi="1" ci="0" mb="0" cb="0"/><line nr="215" mi="1" ci="0" mb="0" cb="0"/><line nr="224" mi="6" ci="0" mb="4" cb="0"/><line nr="225" mi="2" ci="0" mb="0" cb="0"/><line nr="229" mi="4" ci="0" mb="0" cb="0"/><line nr="232" mi="6" ci="0" mb="0" cb="0"/><line nr="233" mi="3" ci="0" mb="0" cb="0"/><line nr="234" mi="2" ci="0" mb="0" cb="0"/><line nr="237" mi="3" ci="0" mb="2" cb="0"/><line nr="238" mi="4" ci="0" mb="0" cb="0"/><line nr="241" mi="3" ci="0" mb="2" cb="0"/><line nr="242" mi="4" ci="0" mb="0" cb="0"/><line nr="245" mi="3" ci="0" mb="2" cb="0"/><line nr="246" mi="4" ci="0" mb="0" cb="0"/><line nr="249" mi="2" ci="0" mb="0" cb="0"/><line nr="250" mi="2" ci="0" mb="0" cb="0"/><line nr="261" mi="4" ci="0" mb="0" cb="0"/><line nr="262" mi="4" ci="0" mb="0" cb="0"/><line nr="263" mi="5" ci="0" mb="0" cb="0"/><line nr="264" mi="5" ci="0" mb="0" cb="0"/><line nr="266" mi="2" ci="0" mb="0" cb="0"/><line nr="268" mi="3" ci="0" mb="0" cb="0"/><line nr="269" mi="3" ci="0" mb="0" cb="0"/><line nr="270" mi="3" ci="0" mb="2" cb="0"/><line nr="271" mi="4" ci="0" mb="0" cb="0"/><line nr="272" mi="13" ci="0" mb="0" cb="0"/><line nr="277" mi="3" ci="0" mb="2" cb="0"/><line nr="278" mi="4" ci="0" mb="0" cb="0"/><line nr="279" mi="4" ci="0" mb="2" cb="0"/><line nr="280" mi="9" ci="0" mb="0" cb="0"/><line nr="283" mi="1" ci="0" mb="0" cb="0"/><line nr="286" mi="4" ci="0" mb="0" cb="0"/><line nr="291" mi="5" ci="0" mb="0" cb="0"/><line nr="292" mi="5" ci="0" mb="0" cb="0"/><line nr="294" mi="3" ci="0" mb="0" cb="0"/><line nr="295" mi="3" ci="0" mb="0" cb="0"/><line nr="296" mi="5" ci="0" mb="4" cb="0"/><line nr="298" mi="3" ci="0" mb="0" cb="0"/><line nr="301" mi="15" ci="0" mb="0" cb="0"/><line nr="308" mi="3" ci="0" mb="2" cb="0"/><line nr="309" mi="4" ci="0" mb="0" cb="0"/><line nr="310" mi="4" ci="0" mb="2" cb="0"/><line nr="311" mi="7" ci="0" mb="0" cb="0"/><line nr="313" mi="1" ci="0" mb="0" cb="0"/><line nr="316" mi="4" ci="0" mb="0" cb="0"/><line nr="320" mi="7" ci="0" mb="0" cb="0"/><line nr="321" mi="1" ci="0" mb="0" cb="0"/><line nr="326" mi="9" ci="0" mb="0" cb="0"/><line nr="328" mi="3" ci="0" mb="0" cb="0"/><line nr="329" mi="3" ci="0" mb="0" cb="0"/><line nr="330" mi="1" ci="0" mb="0" cb="0"/><line nr="331" mi="5" ci="0" mb="0" cb="0"/><line nr="332" mi="1" ci="0" mb="0" cb="0"/><line nr="333" mi="4" ci="0" mb="0" cb="0"/><line nr="334" mi="1" ci="0" mb="0" cb="0"/><line nr="338" mi="14" ci="0" mb="0" cb="0"/><line nr="340" mi="3" ci="0" mb="0" cb="0"/><line nr="341" mi="3" ci="0" mb="0" cb="0"/><line nr="344" mi="4" ci="0" mb="0" cb="0"/><line nr="346" mi="6" ci="0" mb="0" cb="0"/><line nr="347" mi="2" ci="0" mb="2" cb="0"/><line nr="348" mi="5" ci="0" mb="0" cb="0"/><line nr="350" mi="1" ci="0" mb="0" cb="0"/><line nr="351" mi="8" ci="0" mb="0" cb="0"/><line nr="352" mi="1" ci="0" mb="0" cb="0"/><line nr="353" mi="1" ci="0" mb="0" cb="0"/><line nr="355" mi="3" ci="0" mb="0" cb="0"/><line nr="356" mi="6" ci="0" mb="0" cb="0"/><line nr="357" mi="1" ci="0" mb="0" cb="0"/><line nr="358" mi="1" ci="0" mb="0" cb="0"/><line nr="363" mi="5" ci="0" mb="0" cb="0"/><line nr="364" mi="5" ci="0" mb="0" cb="0"/><line nr="365" mi="3" ci="0" mb="2" cb="0"/><line nr="366" mi="5" ci="0" mb="0" cb="0"/><line nr="367" mi="5" ci="0" mb="0" cb="0"/><line nr="368" mi="2" ci="0" mb="0" cb="0"/><line nr="369" mi="5" ci="0" mb="2" cb="0"/><line nr="370" mi="7" ci="0" mb="0" cb="0"/><line nr="371" mi="5" ci="0" mb="2" cb="0"/><line nr="372" mi="7" ci="0" mb="0" cb="0"/><line nr="373" mi="5" ci="0" mb="2" cb="0"/><line nr="374" mi="8" ci="0" mb="0" cb="0"/><line nr="376" mi="1" ci="0" mb="0" cb="0"/><counter type="INSTRUCTION" missed="506" covered="0"/><counter type="BRANCH" missed="48" covered="0"/><counter type="LINE" missed="128" covered="0"/><counter type="COMPLEXITY" missed="34" covered="0"/><counter type="METHOD" missed="10" covered="0"/><counter type="CLASS" missed="1" covered="0"/></sourcefile><counter type="INSTRUCTION" missed="550" covered="0"/><counter type="BRANCH" missed="48" covered="0"/><counter type="LINE" missed="140" covered="0"/><counter type="COMPLEXITY" missed="36" covered="0"/><counter type="METHOD" missed="12" covered="0"/><counter type="CLASS" missed="2" covered="0"/></package><package name="com/amazonaws/services/neptune/metadata"><class name="com/amazonaws/services/neptune/metadata/MultiValuedRelationshipPropertyPolicy$1" sourcefilename="MultiValuedRelationshipPropertyPolicy.java"><method name="&lt;init&gt;" desc="(Ljava/lang/String;I)V" line="19"><counter type="INSTRUCTION" missed="0" covered="5"/><counter type="LINE" missed="0" covered="1"/><counter type="COMPLEXITY" missed="0" covered="1"/><counter type="METHOD" missed="0" covered="1"/></method><method name="handleArray" desc="(Ljava/lang/String;Lcom/fasterxml/jackson/databind/node/ArrayNode;Lcom/amazonaws/services/neptune/metadata/PropertyValueParser;)Lcom/amazonaws/services/neptune/metadata/PropertyValue;" line="22"><counter type="INSTRUCTION" missed="0" covered="4"/><counter type="LINE" missed="0" covered="1"/><counter type="COMPLEXITY" missed="0" covered="1"/><counter type="METHOD" missed="0" covered="1"/></method><method name="handleDuplicates" desc="(Ljava/lang/String;Lcom/fasterxml/jackson/databind/node/ArrayNode;Lcom/amazonaws/services/neptune/metadata/PropertyValueParser;)V" line="28"><counter type="INSTRUCTION" missed="1" covered="0"/><counter type="LINE" missed="1" covered="0"/><counter type="COMPLEXITY" missed="1" covered="0"/><counter type="METHOD" missed="1" covered="0"/></method><counter type="INSTRUCTION" missed="1" covered="9"/><counter type="LINE" missed="1" covered="2"/><counter type="COMPLEXITY" missed="1" covered="2"/><counter type="METHOD" missed="1" covered="2"/><counter type="CLASS" missed="0" covered="1"/></class><class name="com/amazonaws/services/neptune/metadata/PropertyValueParser" sourcefilename="PropertyValueParser.java"><method name="&lt;init&gt;" desc="(Lcom/amazonaws/services/neptune/metadata/PropertyValueParserPolicy;Ljava/lang/String;Z)V" line="31"><counter type="INSTRUCTION" missed="0" covered="12"/><counter type="LINE" missed="0" covered="5"/><counter type="COMPLEXITY" missed="0" covered="1"/><counter type="METHOD" missed="0" covered="1"/></method><method name="parse" desc="(Ljava/lang/String;)Lcom/amazonaws/services/neptune/metadata/PropertyValue;" line="38"><counter type="INSTRUCTION" missed="9" covered="22"/><counter type="BRANCH" missed="1" covered="3"/><counter type="LINE" missed="3" covered="5"/><counter type="COMPLEXITY" missed="1" covered="2"/><counter type="METHOD" missed="0" covered="1"/></method><method name="parseArrayValue" desc="(Ljava/lang/String;Lcom/fasterxml/jackson/databind/node/ArrayNode;)Lcom/amazonaws/services/neptune/metadata/PropertyValue;" line="55"><counter type="INSTRUCTION" missed="6" covered="34"/><counter type="BRANCH" missed="0" covered="4"/><counter type="LINE" missed="1" covered="6"/><counter type="COMPLEXITY" missed="0" covered="3"/><counter type="METHOD" missed="0" covered="1"/></method><method name="stringValue" desc="(Ljava/lang/String;)Lcom/amazonaws/services/neptune/metadata/PropertyValue;" line="66"><counter type="INSTRUCTION" missed="0" covered="16"/><counter type="BRANCH" missed="0" covered="2"/><counter type="LINE" missed="0" covered="2"/><counter type="COMPLEXITY" missed="0" covered="2"/><counter type="METHOD" missed="0" covered="1"/></method><method name="arrayValue" desc="(Ljava/util/Set;)Lcom/amazonaws/services/neptune/metadata/PropertyValue;" line="72"><counter type="INSTRUCTION" missed="16" covered="14"/><counter type="BRANCH" missed="3" covered="1"/><counter type="LINE" missed="3" covered="3"/><counter type="COMPLEXITY" missed="2" covered="1"/><counter type="METHOD" missed="0" covered="1"/></method><method name="isArrayCandidate" desc="(Ljava/lang/String;)Z" line="84"><counter type="INSTRUCTION" missed="0" covered="12"/><counter type="BRANCH" missed="1" covered="3"/><counter type="LINE" missed="0" covered="1"/><counter type="COMPLEXITY" missed="1" covered="2"/><counter type="METHOD" missed="0" covered="1"/></method><method name="isArray" desc="(Lcom/fasterxml/jackson/databind/JsonNode;)Z" line="88"><counter type="INSTRUCTION" missed="0" covered="3"/><counter type="LINE" missed="0" covered="1"/><counter type="COMPLEXITY" missed="0" covered="1"/><counter type="METHOD" missed="0" covered="1"/></method><method name="format" desc="(Ljava/lang/String;)Ljava/lang/String;" line="93"><counter type="INSTRUCTION" missed="0" covered="32"/><counter type="BRANCH" missed="0" covered="8"/><counter type="LINE" missed="0" covered="5"/><counter type="COMPLEXITY" missed="0" covered="5"/><counter type="METHOD" missed="0" covered="1"/></method><method name="&lt;clinit&gt;" desc="()V" line="25"><counter type="INSTRUCTION" missed="0" covered="5"/><counter type="LINE" missed="0" covered="1"/><counter type="COMPLEXITY" missed="0" covered="1"/><counter type="METHOD" missed="0" covered="1"/></method><counter type="INSTRUCTION" missed="31" covered="150"/><counter type="BRANCH" missed="5" covered="21"/><counter type="LINE" missed="7" covered="29"/><counter type="COMPLEXITY" missed="4" covered="18"/><counter type="METHOD" missed="0" covered="9"/><counter type="CLASS" missed="0" covered="1"/></class><class name="com/amazonaws/services/neptune/metadata/Property" sourcefilename="Property.java"><method name="&lt;init&gt;" desc="(Ljava/lang/String;)V" line="18"><counter type="INSTRUCTION" missed="0" covered="12"/><counter type="LINE" missed="0" covered="5"/><counter type="COMPLEXITY" missed="0" covered="1"/><counter type="METHOD" missed="0" covered="1"/></method><method name="updateDataType" desc="(Lcom/amazonaws/services/neptune/metadata/DataType;)V" line="27"><counter type="INSTRUCTION" missed="0" covered="7"/><counter type="LINE" missed="0" covered="2"/><counter type="COMPLEXITY" missed="0" covered="1"/><counter type="METHOD" missed="0" covered="1"/></method><method name="setIsMultiValued" desc="(Z)V" line="32"><counter type="INSTRUCTION" missed="4" covered="0"/><counter type="LINE" missed="2" covered="0"/><counter type="COMPLEXITY" missed="1" covered="0"/><counter type="METHOD" missed="1" covered="0"/></method><method name="value" desc="()Ljava/lang/String;" line="37"><counter type="INSTRUCTION" missed="16" covered="19"/><counter type="BRANCH" missed="1" covered="1"/><counter type="LINE" missed="1" covered="2"/><counter type="COMPLEXITY" missed="1" covered="1"/><counter type="METHOD" missed="0" covered="1"/></method><method name="getName" desc="()Ljava/lang/String;" line="43"><counter type="INSTRUCTION" missed="0" covered="3"/><counter type="LINE" missed="0" covered="1"/><counter type="COMPLEXITY" missed="0" covered="1"/><counter type="METHOD" missed="0" covered="1"/></method><counter type="INSTRUCTION" missed="20" covered="41"/><counter type="BRANCH" missed="1" covered="1"/><counter type="LINE" missed="3" covered="10"/><counter type="COMPLEXITY" missed="2" covered="4"/><counter type="METHOD" missed="1" covered="4"/><counter type="CLASS" missed="0" covered="1"/></class><class name="com/amazonaws/services/neptune/metadata/MultiValuedNodePropertyPolicy" sourcefilename="MultiValuedNodePropertyPolicy.java"><method name="&lt;clinit&gt;" desc="()V" line="17"><counter type="INSTRUCTION" missed="0" covered="27"/><counter type="LINE" missed="0" covered="5"/><counter type="COMPLEXITY" missed="0" covered="1"/><counter type="METHOD" missed="0" covered="1"/></method><counter type="INSTRUCTION" missed="0" covered="27"/><counter type="LINE" missed="0" covered="5"/><counter type="COMPLEXITY" missed="0" covered="1"/><counter type="METHOD" missed="0" covered="1"/><counter type="CLASS" missed="0" covered="1"/></class><class name="com/amazonaws/services/neptune/metadata/MultiValuedRelationshipPropertyPolicy$2" sourcefilename="MultiValuedRelationshipPropertyPolicy.java"><method name="&lt;init&gt;" desc="(Ljava/lang/String;I)V" line="30"><counter type="INSTRUCTION" missed="0" covered="5"/><counter type="LINE" missed="0" covered="1"/><counter type="COMPLEXITY" missed="0" covered="1"/><counter type="METHOD" missed="0" covered="1"/></method><method name="handleArray" desc="(Ljava/lang/String;Lcom/fasterxml/jackson/databind/node/ArrayNode;Lcom/amazonaws/services/neptune/metadata/PropertyValueParser;)Lcom/amazonaws/services/neptune/metadata/PropertyValue;" line="33"><counter type="INSTRUCTION" missed="0" covered="5"/><counter type="LINE" missed="0" covered="1"/><counter type="COMPLEXITY" missed="0" covered="1"/><counter type="METHOD" missed="0" covered="1"/></method><method name="handleDuplicates" desc="(Ljava/lang/String;Lcom/fasterxml/jackson/databind/node/ArrayNode;Lcom/amazonaws/services/neptune/metadata/PropertyValueParser;)V" line="39"><counter type="INSTRUCTION" missed="1" covered="0"/><counter type="LINE" missed="1" covered="0"/><counter type="COMPLEXITY" missed="1" covered="0"/><counter type="METHOD" missed="1" covered="0"/></method><counter type="INSTRUCTION" missed="1" covered="10"/><counter type="LINE" missed="1" covered="2"/><counter type="COMPLEXITY" missed="1" covered="2"/><counter type="METHOD" missed="1" covered="2"/><counter type="CLASS" missed="0" covered="1"/></class><class name="com/amazonaws/services/neptune/metadata/Token" sourcefilename="Token.java"><method name="&lt;init&gt;" desc="(Ljava/lang/String;)V" line="30"><counter type="INSTRUCTION" missed="0" covered="6"/><counter type="LINE" missed="0" covered="3"/><counter type="COMPLEXITY" missed="0" covered="1"/><counter type="METHOD" missed="0" covered="1"/></method><method name="updateDataType" desc="(Lcom/amazonaws/services/neptune/metadata/DataType;)V" line="37"><counter type="INSTRUCTION" missed="1" covered="0"/><counter type="LINE" missed="1" covered="0"/><counter type="COMPLEXITY" missed="1" covered="0"/><counter type="METHOD" missed="1" covered="0"/></method><method name="setIsMultiValued" desc="(Z)V" line="42"><counter type="INSTRUCTION" missed="1" covered="0"/><counter type="LINE" missed="1" covered="0"/><counter type="COMPLEXITY" missed="1" covered="0"/><counter type="METHOD" missed="1" covered="0"/></method><method name="value" desc="()Ljava/lang/String;" line="46"><counter type="INSTRUCTION" missed="0" covered="3"/><counter type="LINE" missed="0" covered="1"/><counter type="COMPLEXITY" missed="0" covered="1"/><counter type="METHOD" missed="0" covered="1"/></method><method name="valueWithCurlyBraces" desc="(Lcom/amazonaws/services/neptune/metadata/Token;)Ljava/lang/String;" line="50"><counter type="INSTRUCTION" missed="0" covered="4"/><counter type="LINE" missed="0" covered="1"/><counter type="COMPLEXITY" missed="0" covered="1"/><counter type="METHOD" missed="0" covered="1"/></method><method name="&lt;clinit&gt;" desc="()V" line="17"><counter type="INSTRUCTION" missed="0" covered="46"/><counter type="LINE" missed="0" covered="9"/><counter type="COMPLEXITY" missed="0" covered="1"/><counter type="METHOD" missed="0" covered="1"/></method><counter type="INSTRUCTION" missed="2" covered="59"/><counter type="LINE" missed="2" covered="14"/><counter type="COMPLEXITY" missed="2" covered="4"/><counter type="METHOD" missed="2" covered="4"/><counter type="CLASS" missed="0" covered="1"/></class><class name="com/amazonaws/services/neptune/metadata/DataType$6" sourcefilename="DataType.java"><method name="&lt;init&gt;" desc="(Ljava/lang/String;I)V" line="51"><counter type="INSTRUCTION" missed="0" covered="5"/><counter type="LINE" missed="0" covered="1"/><counter type="COMPLEXITY" missed="0" covered="1"/><counter type="METHOD" missed="0" covered="1"/></method><method name="isNumeric" desc="()Z" line="54"><counter type="INSTRUCTION" missed="0" covered="2"/><counter type="LINE" missed="0" covered="1"/><counter type="COMPLEXITY" missed="0" covered="1"/><counter type="METHOD" missed="0" covered="1"/></method><counter type="INSTRUCTION" missed="0" covered="7"/><counter type="LINE" missed="0" covered="2"/><counter type="COMPLEXITY" missed="0" covered="2"/><counter type="METHOD" missed="0" covered="2"/><counter type="CLASS" missed="0" covered="1"/></class><class name="com/amazonaws/services/neptune/metadata/DataType$5" sourcefilename="DataType.java"><method name="&lt;init&gt;" desc="(Ljava/lang/String;I)V" line="45"><counter type="INSTRUCTION" missed="0" covered="5"/><counter type="LINE" missed="0" covered="1"/><counter type="COMPLEXITY" missed="0" covered="1"/><counter type="METHOD" missed="0" covered="1"/></method><method name="isNumeric" desc="()Z" line="48"><counter type="INSTRUCTION" missed="0" covered="2"/><counter type="LINE" missed="0" covered="1"/><counter type="COMPLEXITY" missed="0" covered="1"/><counter type="METHOD" missed="0" covered="1"/></method><counter type="INSTRUCTION" missed="0" covered="7"/><counter type="LINE" missed="0" covered="2"/><counter type="COMPLEXITY" missed="0" covered="2"/><counter type="METHOD" missed="0" covered="2"/><counter type="CLASS" missed="0" covered="1"/></class><class name="com/amazonaws/services/neptune/metadata/DateTimeUtils" sourcefilename="DateTimeUtils.java"><method name="&lt;init&gt;" desc="()V" line="20"><counter type="INSTRUCTION" missed="3" covered="0"/><counter type="LINE" missed="1" covered="0"/><counter type="COMPLEXITY" missed="1" covered="0"/><counter type="METHOD" missed="1" covered="0"/></method><method name="parseISODate" desc="(Ljava/lang/String;)Ljava/util/Date;" line="25"><counter type="INSTRUCTION" missed="0" covered="5"/><counter type="LINE" missed="0" covered="1"/><counter type="COMPLEXITY" missed="0" covered="1"/><counter type="METHOD" missed="0" covered="1"/></method><method name="&lt;clinit&gt;" desc="()V" line="22"><counter type="INSTRUCTION" missed="0" covered="4"/><counter type="LINE" missed="0" covered="1"/><counter type="COMPLEXITY" missed="0" covered="1"/><counter type="METHOD" missed="0" covered="1"/></method><counter type="INSTRUCTION" missed="3" covered="9"/><counter type="LINE" missed="1" covered="2"/><counter type="COMPLEXITY" missed="1" covered="2"/><counter type="METHOD" missed="1" covered="2"/><counter type="CLASS" missed="0" covered="1"/></class><class name="com/amazonaws/services/neptune/metadata/VertexMetadata" sourcefilename="VertexMetadata.java"><method name="parse" desc="(Lorg/apache/commons/csv/CSVRecord;Lcom/amazonaws/services/neptune/metadata/PropertyValueParser;Lcom/amazonaws/services/neptune/metadata/ConversionConfig;)Lcom/amazonaws/services/neptune/metadata/VertexMetadata;" line="24"><counter type="INSTRUCTION" missed="0" covered="54"/><counter type="BRANCH" missed="0" covered="7"/><counter type="LINE" missed="0" covered="14"/><counter type="COMPLEXITY" missed="0" covered="5"/><counter type="METHOD" missed="0" covered="1"/></method><method name="&lt;init&gt;" desc="(Lcom/amazonaws/services/neptune/metadata/Headers;ILcom/amazonaws/services/neptune/metadata/PropertyValueParser;Lcom/amazonaws/services/neptune/metadata/ConversionConfig;)V" line="52"><counter type="INSTRUCTION" missed="4" covered="55"/><counter type="BRANCH" missed="1" covered="5"/><counter type="LINE" missed="0" covered="13"/><counter type="COMPLEXITY" missed="1" covered="3"/><counter type="METHOD" missed="0" covered="1"/></method><method name="headers" desc="()Ljava/util/List;" line="74"><counter type="INSTRUCTION" missed="0" covered="4"/><counter type="LINE" missed="0" covered="1"/><counter type="COMPLEXITY" missed="0" covered="1"/><counter type="METHOD" missed="0" covered="1"/></method><method name="lastColumnIndex" desc="()I" line="78"><counter type="INSTRUCTION" missed="0" covered="3"/><counter type="LINE" missed="0" covered="1"/><counter type="COMPLEXITY" missed="0" covered="1"/><counter type="METHOD" missed="0" covered="1"/></method><method name="isVertex" desc="(Lorg/apache/commons/csv/CSVRecord;)Z" line="82"><counter type="INSTRUCTION" missed="0" covered="9"/><counter type="BRANCH" missed="0" covered="2"/><counter type="LINE" missed="0" covered="1"/><counter type="COMPLEXITY" missed="0" covered="2"/><counter type="METHOD" missed="0" covered="1"/></method><method name="toIterable" desc="(Lorg/apache/commons/csv/CSVRecord;)Ljava/util/Optional;" line="86"><counter type="INSTRUCTION" missed="2" covered="9"/><counter type="BRANCH" missed="1" covered="1"/><counter type="LINE" missed="1" covered="2"/><counter type="COMPLEXITY" missed="1" covered="1"/><counter type="METHOD" missed="0" covered="1"/></method><method name="mapVertexId" desc="(Ljava/lang/String;Lorg/apache/commons/csv/CSVRecord;)Ljava/lang/String;" line="127"><counter type="INSTRUCTION" missed="23" covered="132"/><counter type="BRANCH" missed="6" covered="18"/><counter type="LINE" missed="4" covered="29"/><counter type="COMPLEXITY" missed="6" covered="7"/><counter type="METHOD" missed="0" covered="1"/></method><method name="mapVertexLabels" desc="(Ljava/lang/String;)Ljava/lang/String;" line="191"><counter type="INSTRUCTION" missed="0" covered="22"/><counter type="BRANCH" missed="0" covered="4"/><counter type="LINE" missed="0" covered="6"/><counter type="COMPLEXITY" missed="0" covered="3"/><counter type="METHOD" missed="0" covered="1"/></method><method name="shouldSkipVertex" desc="(Lorg/apache/commons/csv/CSVRecord;)Z" line="203"><counter type="INSTRUCTION" missed="0" covered="87"/><counter type="BRANCH" missed="2" covered="18"/><counter type="LINE" missed="0" covered="17"/><counter type="COMPLEXITY" missed="2" covered="9"/><counter type="METHOD" missed="0" covered="1"/></method><method name="getSkippedVertexIds" desc="()Ljava/util/Set;" line="238"><counter type="INSTRUCTION" missed="0" covered="4"/><counter type="LINE" missed="0" covered="1"/><counter type="COMPLEXITY" missed="0" covered="1"/><counter type="METHOD" missed="0" covered="1"/></method><method name="getVertexIdMap" desc="()Ljava/util/Map;" line="245"><counter type="INSTRUCTION" missed="0" covered="4"/><counter type="LINE" missed="0" covered="1"/><counter type="COMPLEXITY" missed="0" covered="1"/><counter type="METHOD" missed="0" covered="1"/></method><method name="lambda$mapVertexLabels$2" desc="(Ljava/lang/String;)Ljava/lang/String;" line="197"><counter type="INSTRUCTION" missed="0" covered="10"/><counter type="LINE" missed="0" covered="1"/><counter type="COMPLEXITY" missed="0" covered="1"/><counter type="METHOD" missed="0" covered="1"/></method><method name="lambda$mapVertexLabels$1" desc="(Ljava/lang/String;)Z" line="196"><counter type="INSTRUCTION" missed="0" covered="7"/><counter type="BRANCH" missed="0" covered="2"/><counter type="LINE" missed="0" covered="1"/><counter type="COMPLEXITY" missed="0" covered="2"/><counter type="METHOD" missed="0" covered="1"/></method><method name="lambda$toIterable$0" desc="(Lorg/apache/commons/csv/CSVRecord;)Ljava/util/Iterator;" line="90"><counter type="INSTRUCTION" missed="0" covered="6"/><counter type="LINE" missed="0" covered="1"/><counter type="COMPLEXITY" missed="0" covered="1"/><counter type="METHOD" missed="0" covered="1"/></method><counter type="INSTRUCTION" missed="29" covered="406"/><counter type="BRANCH" missed="10" covered="57"/><counter type="LINE" missed="5" covered="86"/><counter type="COMPLEXITY" missed="10" covered="38"/><counter type="METHOD" missed="0" covered="14"/><counter type="CLASS" missed="0" covered="1"/></class><class name="com/amazonaws/services/neptune/metadata/Headers" sourcefilename="Headers.java"><method name="&lt;init&gt;" desc="()V" line="19"><counter type="INSTRUCTION" missed="0" covered="8"/><counter type="LINE" missed="0" covered="2"/><counter type="COMPLEXITY" missed="0" covered="1"/><counter type="METHOD" missed="0" covered="1"/></method><method name="add" desc="(Lcom/amazonaws/services/neptune/metadata/Header;)V" line="24"><counter type="INSTRUCTION" missed="0" covered="6"/><counter type="LINE" missed="0" covered="2"/><counter type="COMPLEXITY" missed="0" covered="1"/><counter type="METHOD" missed="0" covered="1"/></method><method name="get" desc="(I)Lcom/amazonaws/services/neptune/metadata/Header;" line="28"><counter type="INSTRUCTION" missed="0" covered="6"/><counter type="LINE" missed="0" covered="1"/><counter type="COMPLEXITY" missed="0" covered="1"/><counter type="METHOD" missed="0" covered="1"/></method><method name="values" desc="()Ljava/util/List;" line="32"><counter type="INSTRUCTION" missed="0" covered="9"/><counter type="LINE" missed="0" covered="1"/><counter type="COMPLEXITY" missed="0" covered="1"/><counter type="METHOD" missed="0" covered="1"/></method><method name="count" desc="()I" line="36"><counter type="INSTRUCTION" missed="0" covered="4"/><counter type="LINE" missed="0" covered="1"/><counter type="COMPLEXITY" missed="0" covered="1"/><counter type="METHOD" missed="0" covered="1"/></method><counter type="INSTRUCTION" missed="0" covered="33"/><counter type="LINE" missed="0" covered="7"/><counter type="COMPLEXITY" missed="0" covered="5"/><counter type="METHOD" missed="0" covered="5"/><counter type="CLASS" missed="0" covered="1"/></class><class name="com/amazonaws/services/neptune/metadata/DataType$4" sourcefilename="DataType.java"><method name="&lt;init&gt;" desc="(Ljava/lang/String;I)V" line="39"><counter type="INSTRUCTION" missed="0" covered="5"/><counter type="LINE" missed="0" covered="1"/><counter type="COMPLEXITY" missed="0" covered="1"/><counter type="METHOD" missed="0" covered="1"/></method><method name="isNumeric" desc="()Z" line="42"><counter type="INSTRUCTION" missed="0" covered="2"/><counter type="LINE" missed="0" covered="1"/><counter type="COMPLEXITY" missed="0" covered="1"/><counter type="METHOD" missed="0" covered="1"/></method><counter type="INSTRUCTION" missed="0" covered="7"/><counter type="LINE" missed="0" covered="2"/><counter type="COMPLEXITY" missed="0" covered="2"/><counter type="METHOD" missed="0" covered="2"/><counter type="CLASS" missed="0" covered="1"/></class><class name="com/amazonaws/services/neptune/metadata/DataType$3" sourcefilename="DataType.java"><method name="&lt;init&gt;" desc="(Ljava/lang/String;I)V" line="33"><counter type="INSTRUCTION" missed="0" covered="5"/><counter type="LINE" missed="0" covered="1"/><counter type="COMPLEXITY" missed="0" covered="1"/><counter type="METHOD" missed="0" covered="1"/></method><method name="isNumeric" desc="()Z" line="36"><counter type="INSTRUCTION" missed="0" covered="2"/><counter type="LINE" missed="0" covered="1"/><counter type="COMPLEXITY" missed="0" covered="1"/><counter type="METHOD" missed="0" covered="1"/></method><counter type="INSTRUCTION" missed="0" covered="7"/><counter type="LINE" missed="0" covered="2"/><counter type="COMPLEXITY" missed="0" covered="2"/><counter type="METHOD" missed="0" covered="2"/><counter type="CLASS" missed="0" covered="1"/></class><class name="com/amazonaws/services/neptune/metadata/DataType$2" sourcefilename="DataType.java"><method name="&lt;init&gt;" desc="(Ljava/lang/String;I)V" line="27"><counter type="INSTRUCTION" missed="0" covered="5"/><counter type="LINE" missed="0" covered="1"/><counter type="COMPLEXITY" missed="0" covered="1"/><counter type="METHOD" missed="0" covered="1"/></method><method name="isNumeric" desc="()Z" line="30"><counter type="INSTRUCTION" missed="0" covered="2"/><counter type="LINE" missed="0" covered="1"/><counter type="COMPLEXITY" missed="0" covered="1"/><counter type="METHOD" missed="0" covered="1"/></method><counter type="INSTRUCTION" missed="0" covered="7"/><counter type="LINE" missed="0" covered="2"/><counter type="COMPLEXITY" missed="0" covered="2"/><counter type="METHOD" missed="0" covered="2"/><counter type="CLASS" missed="0" covered="1"/></class><class name="com/amazonaws/services/neptune/metadata/DataType$1" sourcefilename="DataType.java"><method name="&lt;init&gt;" desc="(Ljava/lang/String;I)V" line="20"><counter type="INSTRUCTION" missed="0" covered="5"/><counter type="LINE" missed="0" covered="1"/><counter type="COMPLEXITY" missed="0" covered="1"/><counter type="METHOD" missed="0" covered="1"/></method><method name="typeDescription" desc="()Ljava/lang/String;" line="23"><counter type="INSTRUCTION" missed="0" covered="2"/><counter type="LINE" missed="0" covered="1"/><counter type="COMPLEXITY" missed="0" covered="1"/><counter type="METHOD" missed="0" covered="1"/></method><counter type="INSTRUCTION" missed="0" covered="7"/><counter type="LINE" missed="0" covered="2"/><counter type="COMPLEXITY" missed="0" covered="2"/><counter type="METHOD" missed="0" covered="2"/><counter type="CLASS" missed="0" covered="1"/></class><class name="com/amazonaws/services/neptune/metadata/ConversionConfig$SkipEdges" sourcefilename="ConversionConfig.java"/><class name="com/amazonaws/services/neptune/metadata/PropertyValue" sourcefilename="PropertyValue.java"><method name="&lt;init&gt;" desc="(Ljava/lang/String;ZLcom/amazonaws/services/neptune/metadata/DataType;)V" line="21"><counter type="INSTRUCTION" missed="0" covered="12"/><counter type="LINE" missed="0" covered="5"/><counter type="COMPLEXITY" missed="0" covered="1"/><counter type="METHOD" missed="0" covered="1"/></method><method name="value" desc="()Ljava/lang/String;" line="28"><counter type="INSTRUCTION" missed="0" covered="3"/><counter type="LINE" missed="0" covered="1"/><counter type="COMPLEXITY" missed="0" covered="1"/><counter type="METHOD" missed="0" covered="1"/></method><method name="isMultiValued" desc="()Z" line="32"><counter type="INSTRUCTION" missed="0" covered="3"/><counter type="LINE" missed="0" covered="1"/><counter type="COMPLEXITY" missed="0" covered="1"/><counter type="METHOD" missed="0" covered="1"/></method><method name="dataType" desc="()Lcom/amazonaws/services/neptune/metadata/DataType;" line="36"><counter type="INSTRUCTION" missed="0" covered="3"/><counter type="LINE" missed="0" covered="1"/><counter type="COMPLEXITY" missed="0" covered="1"/><counter type="METHOD" missed="0" covered="1"/></method><counter type="INSTRUCTION" missed="0" covered="21"/><counter type="LINE" missed="0" covered="8"/><counter type="COMPLEXITY" missed="0" covered="4"/><counter type="METHOD" missed="0" covered="4"/><counter type="CLASS" missed="0" covered="1"/></class><class name="com/amazonaws/services/neptune/metadata/DataType" sourcefilename="DataType.java"><method name="isNumeric" desc="()Z" line="61"><counter type="INSTRUCTION" missed="0" covered="2"/><counter type="LINE" missed="0" covered="1"/><counter type="COMPLEXITY" missed="0" covered="1"/><counter type="METHOD" missed="0" covered="1"/></method><method name="typeDescription" desc="()Ljava/lang/String;" line="65"><counter type="INSTRUCTION" missed="0" covered="11"/><counter type="LINE" missed="0" covered="1"/><counter type="COMPLEXITY" missed="0" covered="1"/><counter type="METHOD" missed="0" covered="1"/></method><method name="identifyType" desc="(Ljava/lang/String;)Lcom/amazonaws/services/neptune/metadata/DataType;" line="70"><counter type="INSTRUCTION" missed="2" covered="41"/><counter type="BRANCH" missed="1" covered="13"/><counter type="LINE" missed="1" covered="17"/><counter type="COMPLEXITY" missed="1" covered="7"/><counter type="METHOD" missed="0" covered="1"/></method><method name="isBoolean" desc="(Ljava/lang/String;)Z" line="100"><counter type="INSTRUCTION" missed="0" covered="5"/><counter type="LINE" missed="0" covered="1"/><counter type="COMPLEXITY" missed="0" covered="1"/><counter type="METHOD" missed="0" covered="1"/></method><method name="isByte" desc="(Ljava/lang/String;)Z" line="105"><counter type="INSTRUCTION" missed="0" covered="8"/><counter type="LINE" missed="0" covered="4"/><counter type="COMPLEXITY" missed="0" covered="1"/><counter type="METHOD" missed="0" covered="1"/></method><method name="isShort" desc="(Ljava/lang/String;)Z" line="114"><counter type="INSTRUCTION" missed="0" covered="8"/><counter type="LINE" missed="0" covered="4"/><counter type="COMPLEXITY" missed="0" covered="1"/><counter type="METHOD" missed="0" covered="1"/></method><method name="isInt" desc="(Ljava/lang/String;)Z" line="123"><counter type="INSTRUCTION" missed="0" covered="8"/><counter type="LINE" missed="0" covered="4"/><counter type="COMPLEXITY" missed="0" covered="1"/><counter type="METHOD" missed="0" covered="1"/></method><method name="isLong" desc="(Ljava/lang/String;)Z" line="132"><counter type="INSTRUCTION" missed="0" covered="8"/><counter type="LINE" missed="0" covered="4"/><counter type="COMPLEXITY" missed="0" covered="1"/><counter type="METHOD" missed="0" covered="1"/></method><method name="isDouble" desc="(Ljava/lang/String;)Z" line="141"><counter type="INSTRUCTION" missed="0" covered="8"/><counter type="LINE" missed="0" covered="4"/><counter type="COMPLEXITY" missed="0" covered="1"/><counter type="METHOD" missed="0" covered="1"/></method><method name="getBroadestType" desc="(Lcom/amazonaws/services/neptune/metadata/DataType;Lcom/amazonaws/services/neptune/metadata/DataType;)Lcom/amazonaws/services/neptune/metadata/DataType;" line="150"><counter type="INSTRUCTION" missed="0" covered="47"/><counter type="BRANCH" missed="0" covered="18"/><counter type="LINE" missed="0" covered="15"/><counter type="COMPLEXITY" missed="0" covered="10"/><counter type="METHOD" missed="0" covered="1"/></method><method name="&lt;clinit&gt;" desc="()V" line="19"><counter type="INSTRUCTION" missed="0" covered="61"/><counter type="LINE" missed="0" covered="11"/><counter type="COMPLEXITY" missed="0" covered="1"/><counter type="METHOD" missed="0" covered="1"/></method><counter type="INSTRUCTION" missed="2" covered="207"/><counter type="BRANCH" missed="1" covered="31"/><counter type="LINE" missed="1" covered="66"/><counter type="COMPLEXITY" missed="1" covered="26"/><counter type="METHOD" missed="0" covered="11"/><counter type="CLASS" missed="0" covered="1"/></class><class name="com/amazonaws/services/neptune/metadata/ConversionConfig" sourcefilename="ConversionConfig.java"><method name="fromFile" desc="(Ljava/io/File;)Lcom/amazonaws/services/neptune/metadata/ConversionConfig;" line="91"><counter type="INSTRUCTION" missed="37" covered="83"/><counter type="BRANCH" missed="7" covered="17"/><counter type="LINE" missed="7" covered="20"/><counter type="COMPLEXITY" missed="7" covered="6"/><counter type="METHOD" missed="0" covered="1"/></method><method name="hasSkipRules" desc="()Z" line="145"><counter type="INSTRUCTION" missed="0" covered="19"/><counter type="BRANCH" missed="0" covered="6"/><counter type="LINE" missed="0" covered="1"/><counter type="COMPLEXITY" missed="0" covered="4"/><counter type="METHOD" missed="0" covered="1"/></method><method name="hasIdTransformations" desc="()Z" line="152"><counter type="INSTRUCTION" missed="0" covered="12"/><counter type="BRANCH" missed="1" covered="3"/><counter type="LINE" missed="0" covered="1"/><counter type="COMPLEXITY" missed="1" covered="2"/><counter type="METHOD" missed="0" covered="1"/></method><counter type="INSTRUCTION" missed="37" covered="114"/><counter type="BRANCH" missed="8" covered="26"/><counter type="LINE" missed="7" covered="22"/><counter type="COMPLEXITY" missed="8" covered="12"/><counter type="METHOD" missed="0" covered="3"/><counter type="CLASS" missed="0" covered="1"/></class><class name="com/amazonaws/services/neptune/metadata/BulkLoadConfig" sourcefilename="BulkLoadConfig.java"><method name="fromFile" desc="(Ljava/io/File;)Lcom/amazonaws/services/neptune/metadata/BulkLoadConfig;" line="51"><counter type="INSTRUCTION" missed="0" covered="28"/><counter type="BRANCH" missed="1" covered="3"/><counter type="LINE" missed="0" covered="7"/><counter type="COMPLEXITY" missed="1" covered="2"/><counter type="METHOD" missed="0" covered="1"/></method><method name="loadFromYaml" desc="(Ljava/util/Map;)V" line="65"><counter type="INSTRUCTION" missed="0" covered="42"/><counter type="BRANCH" missed="0" covered="2"/><counter type="LINE" missed="0" covered="8"/><counter type="COMPLEXITY" missed="0" covered="2"/><counter type="METHOD" missed="0" covered="1"/></method><method name="getStringValue" desc="(Ljava/util/Map;Ljava/lang/String;)Ljava/lang/String;" line="76"><counter type="INSTRUCTION" missed="0" covered="6"/><counter type="LINE" missed="0" covered="1"/><counter type="COMPLEXITY" missed="0" covered="1"/><counter type="METHOD" missed="0" covered="1"/></method><method name="getStringValue" desc="(Ljava/util/Map;Ljava/lang/String;Ljava/lang/String;)Ljava/lang/String;" line="80"><counter type="INSTRUCTION" missed="0" covered="11"/><counter type="BRANCH" missed="0" covered="2"/><counter type="LINE" missed="0" covered="2"/><counter type="COMPLEXITY" missed="0" covered="2"/><counter type="METHOD" missed="0" covered="1"/></method><method name="getBooleanValue" desc="(Ljava/util/Map;Ljava/lang/String;Z)Z" line="85"><counter type="INSTRUCTION" missed="6" covered="15"/><counter type="BRANCH" missed="1" covered="3"/><counter type="LINE" missed="1" covered="5"/><counter type="COMPLEXITY" missed="1" covered="2"/><counter type="METHOD" missed="0" covered="1"/></method><method name="withBucketName" desc="(Ljava/lang/String;)Lcom/amazonaws/services/neptune/metadata/BulkLoadConfig;" line="96"><counter type="INSTRUCTION" missed="0" covered="11"/><counter type="BRANCH" missed="0" covered="4"/><counter type="LINE" missed="0" covered="3"/><counter type="COMPLEXITY" missed="0" covered="3"/><counter type="METHOD" missed="0" covered="1"/></method><method name="withNeptuneEndpoint" desc="(Ljava/lang/String;)Lcom/amazonaws/services/neptune/metadata/BulkLoadConfig;" line="103"><counter type="INSTRUCTION" missed="0" covered="11"/><counter type="BRANCH" missed="0" covered="4"/><counter type="LINE" missed="0" covered="3"/><counter type="COMPLEXITY" missed="0" covered="3"/><counter type="METHOD" missed="0" covered="1"/></method><method name="withIamRoleArn" desc="(Ljava/lang/String;)Lcom/amazonaws/services/neptune/metadata/BulkLoadConfig;" line="110"><counter type="INSTRUCTION" missed="0" covered="11"/><counter type="BRANCH" missed="0" covered="4"/><counter type="LINE" missed="0" covered="3"/><counter type="COMPLEXITY" missed="0" covered="3"/><counter type="METHOD" missed="0" covered="1"/></method><method name="validateBulkLoadConfigValues" desc="(Lcom/amazonaws/services/neptune/metadata/BulkLoadConfig;)V" line="123"><counter type="INSTRUCTION" missed="0" covered="64"/><counter type="BRANCH" missed="1" covered="11"/><counter type="LINE" missed="0" covered="16"/><counter type="COMPLEXITY" missed="1" covered="6"/><counter type="METHOD" missed="0" covered="1"/></method><method name="validateS3BucketName" desc="(Ljava/lang/String;)V" line="158"><counter type="INSTRUCTION" missed="30" covered="66"/><counter type="BRANCH" missed="15" covered="15"/><counter type="LINE" missed="6" covered="10"/><counter type="COMPLEXITY" missed="15" covered="1"/><counter type="METHOD" missed="0" covered="1"/></method><method name="isNullOrEmpty" desc="(Ljava/lang/String;)Z" line="187"><counter type="INSTRUCTION" missed="0" covered="10"/><counter type="BRANCH" missed="1" covered="3"/><counter type="LINE" missed="0" covered="1"/><counter type="COMPLEXITY" missed="1" covered="2"/><counter type="METHOD" missed="0" covered="1"/></method><counter type="INSTRUCTION" missed="36" covered="275"/><counter type="BRANCH" missed="19" covered="51"/><counter type="LINE" missed="7" covered="59"/><counter type="COMPLEXITY" missed="19" covered="27"/><counter type="METHOD" missed="0" covered="11"/><counter type="CLASS" missed="0" covered="1"/></class><class name="com/amazonaws/services/neptune/metadata/EdgeMetadata$1" sourcefilename="EdgeMetadata.java"><method name="&lt;init&gt;" desc="(Lcom/amazonaws/services/neptune/metadata/EdgeMetadata;Lorg/apache/commons/csv/CSVRecord;)V" line="135"><counter type="INSTRUCTION" missed="0" covered="16"/><counter type="LINE" missed="0" covered="2"/><counter type="COMPLEXITY" missed="0" covered="1"/><counter type="METHOD" missed="0" covered="1"/></method><method name="hasNext" desc="()Z" line="140"><counter type="INSTRUCTION" missed="0" covered="10"/><counter type="BRANCH" missed="0" covered="2"/><counter type="LINE" missed="0" covered="1"/><counter type="COMPLEXITY" missed="0" covered="2"/><counter type="METHOD" missed="0" covered="1"/></method><method name="next" desc="()Ljava/lang/String;" line="145"><counter type="INSTRUCTION" missed="2" covered="105"/><counter type="BRANCH" missed="4" covered="12"/><counter type="LINE" missed="1" covered="16"/><counter type="COMPLEXITY" missed="4" covered="5"/><counter type="METHOD" missed="0" covered="1"/></method><counter type="INSTRUCTION" missed="2" covered="131"/><counter type="BRANCH" missed="4" covered="14"/><counter type="LINE" missed="1" covered="19"/><counter type="COMPLEXITY" missed="4" covered="8"/><counter type="METHOD" missed="0" covered="3"/><counter type="CLASS" missed="0" covered="1"/></class><class name="com/amazonaws/services/neptune/metadata/ConversionConfig$SkipVertices" sourcefilename="ConversionConfig.java"/><class name="com/amazonaws/services/neptune/metadata/Header" sourcefilename="Header.java"/><class name="com/amazonaws/services/neptune/metadata/MultiValuedNodePropertyPolicy$4" sourcefilename="MultiValuedNodePropertyPolicy.java"><method name="&lt;init&gt;" desc="(Ljava/lang/String;I)V" line="51"><counter type="INSTRUCTION" missed="0" covered="5"/><counter type="LINE" missed="0" covered="1"/><counter type="COMPLEXITY" missed="0" covered="1"/><counter type="METHOD" missed="0" covered="1"/></method><method name="handleArray" desc="(Ljava/lang/String;Lcom/fasterxml/jackson/databind/node/ArrayNode;Lcom/amazonaws/services/neptune/metadata/PropertyValueParser;)Lcom/amazonaws/services/neptune/metadata/PropertyValue;" line="54"><counter type="INSTRUCTION" missed="5" covered="0"/><counter type="LINE" missed="1" covered="0"/><counter type="COMPLEXITY" missed="1" covered="0"/><counter type="METHOD" missed="1" covered="0"/></method><method name="handleDuplicates" desc="(Ljava/lang/String;Lcom/fasterxml/jackson/databind/node/ArrayNode;Lcom/amazonaws/services/neptune/metadata/PropertyValueParser;)V" line="59"><counter type="INSTRUCTION" missed="0" covered="5"/><counter type="LINE" missed="0" covered="1"/><counter type="COMPLEXITY" missed="0" covered="1"/><counter type="METHOD" missed="0" covered="1"/></method><counter type="INSTRUCTION" missed="5" covered="10"/><counter type="LINE" missed="1" covered="2"/><counter type="COMPLEXITY" missed="1" covered="2"/><counter type="METHOD" missed="1" covered="2"/><counter type="CLASS" missed="0" covered="1"/></class><class name="com/amazonaws/services/neptune/metadata/MultiValuedRelationshipPropertyPolicy" sourcefilename="MultiValuedRelationshipPropertyPolicy.java"><method name="&lt;clinit&gt;" desc="()V" line="17"><counter type="INSTRUCTION" missed="0" covered="15"/><counter type="LINE" missed="0" covered="3"/><counter type="COMPLEXITY" missed="0" covered="1"/><counter type="METHOD" missed="0" covered="1"/></method><counter type="INSTRUCTION" missed="0" covered="15"/><counter type="LINE" missed="0" covered="3"/><counter type="COMPLEXITY" missed="0" covered="1"/><counter type="METHOD" missed="0" covered="1"/><counter type="CLASS" missed="0" covered="1"/></class><class name="com/amazonaws/services/neptune/metadata/PropertyValueParserPolicy" sourcefilename="PropertyValueParserPolicy.java"/><class name="com/amazonaws/services/neptune/metadata/MultiValuedNodePropertyPolicy$3" sourcefilename="MultiValuedNodePropertyPolicy.java"><method name="&lt;init&gt;" desc="(Ljava/lang/String;I)V" line="40"><counter type="INSTRUCTION" missed="0" covered="5"/><counter type="LINE" missed="0" covered="1"/><counter type="COMPLEXITY" missed="0" covered="1"/><counter type="METHOD" missed="0" covered="1"/></method><method name="handleArray" desc="(Ljava/lang/String;Lcom/fasterxml/jackson/databind/node/ArrayNode;Lcom/amazonaws/services/neptune/metadata/PropertyValueParser;)Lcom/amazonaws/services/neptune/metadata/PropertyValue;" line="43"><counter type="INSTRUCTION" missed="0" covered="5"/><counter type="LINE" missed="0" covered="1"/><counter type="COMPLEXITY" missed="0" covered="1"/><counter type="METHOD" missed="0" covered="1"/></method><method name="handleDuplicates" desc="(Ljava/lang/String;Lcom/fasterxml/jackson/databind/node/ArrayNode;Lcom/amazonaws/services/neptune/metadata/PropertyValueParser;)V" line="49"><counter type="INSTRUCTION" missed="1" covered="0"/><counter type="LINE" missed="1" covered="0"/><counter type="COMPLEXITY" missed="1" covered="0"/><counter type="METHOD" missed="1" covered="0"/></method><counter type="INSTRUCTION" missed="1" covered="10"/><counter type="LINE" missed="1" covered="2"/><counter type="COMPLEXITY" missed="1" covered="2"/><counter type="METHOD" missed="1" covered="2"/><counter type="CLASS" missed="0" covered="1"/></class><class name="com/amazonaws/services/neptune/metadata/MultiValuedNodePropertyPolicy$2" sourcefilename="MultiValuedNodePropertyPolicy.java"><method name="&lt;init&gt;" desc="(Ljava/lang/String;I)V" line="29"><counter type="INSTRUCTION" missed="0" covered="5"/><counter type="LINE" missed="0" covered="1"/><counter type="COMPLEXITY" missed="0" covered="1"/><counter type="METHOD" missed="0" covered="1"/></method><method name="handleArray" desc="(Ljava/lang/String;Lcom/fasterxml/jackson/databind/node/ArrayNode;Lcom/amazonaws/services/neptune/metadata/PropertyValueParser;)Lcom/amazonaws/services/neptune/metadata/PropertyValue;" line="32"><counter type="INSTRUCTION" missed="0" covered="5"/><counter type="LINE" missed="0" covered="1"/><counter type="COMPLEXITY" missed="0" covered="1"/><counter type="METHOD" missed="0" covered="1"/></method><method name="handleDuplicates" desc="(Ljava/lang/String;Lcom/fasterxml/jackson/databind/node/ArrayNode;Lcom/amazonaws/services/neptune/metadata/PropertyValueParser;)V" line="38"><counter type="INSTRUCTION" missed="1" covered="0"/><counter type="LINE" missed="1" covered="0"/><counter type="COMPLEXITY" missed="1" covered="0"/><counter type="METHOD" missed="1" covered="0"/></method><counter type="INSTRUCTION" missed="1" covered="10"/><counter type="LINE" missed="1" covered="2"/><counter type="COMPLEXITY" missed="1" covered="2"/><counter type="METHOD" missed="1" covered="2"/><counter type="CLASS" missed="0" covered="1"/></class><class name="com/amazonaws/services/neptune/metadata/MultiValuedNodePropertyPolicy$1" sourcefilename="MultiValuedNodePropertyPolicy.java"><method name="&lt;init&gt;" desc="(Ljava/lang/String;I)V" line="18"><counter type="INSTRUCTION" missed="0" covered="5"/><counter type="LINE" missed="0" covered="1"/><counter type="COMPLEXITY" missed="0" covered="1"/><counter type="METHOD" missed="0" covered="1"/></method><method name="handleArray" desc="(Ljava/lang/String;Lcom/fasterxml/jackson/databind/node/ArrayNode;Lcom/amazonaws/services/neptune/metadata/PropertyValueParser;)Lcom/amazonaws/services/neptune/metadata/PropertyValue;" line="21"><counter type="INSTRUCTION" missed="0" covered="4"/><counter type="LINE" missed="0" covered="1"/><counter type="COMPLEXITY" missed="0" covered="1"/><counter type="METHOD" missed="0" covered="1"/></method><method name="handleDuplicates" desc="(Ljava/lang/String;Lcom/fasterxml/jackson/databind/node/ArrayNode;Lcom/amazonaws/services/neptune/metadata/PropertyValueParser;)V" line="27"><counter type="INSTRUCTION" missed="1" covered="0"/><counter type="LINE" missed="1" covered="0"/><counter type="COMPLEXITY" missed="1" covered="0"/><counter type="METHOD" missed="1" covered="0"/></method><counter type="INSTRUCTION" missed="1" covered="9"/><counter type="LINE" missed="1" covered="2"/><counter type="COMPLEXITY" missed="1" covered="2"/><counter type="METHOD" missed="1" covered="2"/><counter type="CLASS" missed="0" covered="1"/></class><class name="com/amazonaws/services/neptune/metadata/EdgeMetadata" sourcefilename="EdgeMetadata.java"><method name="parse" desc="(Lorg/apache/commons/csv/CSVRecord;Lcom/amazonaws/services/neptune/metadata/PropertyValueParser;Lcom/amazonaws/services/neptune/metadata/ConversionConfig;Ljava/util/Set;Ljava/util/Map;)Lcom/amazonaws/services/neptune/metadata/EdgeMetadata;" line="27"><counter type="INSTRUCTION" missed="0" covered="8"/><counter type="LINE" missed="0" covered="1"/><counter type="COMPLEXITY" missed="0" covered="1"/><counter type="METHOD" missed="0" covered="1"/></method><method name="parse" desc="(Lorg/apache/commons/csv/CSVRecord;Ljava/util/function/Supplier;Lcom/amazonaws/services/neptune/metadata/PropertyValueParser;Lcom/amazonaws/services/neptune/metadata/ConversionConfig;Ljava/util/Set;Ljava/util/Map;)Lcom/amazonaws/services/neptune/metadata/EdgeMetadata;" line="33"><counter type="INSTRUCTION" missed="0" covered="69"/><counter type="BRANCH" missed="0" covered="10"/><counter type="LINE" missed="0" covered="20"/><counter type="COMPLEXITY" missed="0" covered="7"/><counter type="METHOD" missed="0" covered="1"/></method><method name="&lt;init&gt;" desc="(Lcom/amazonaws/services/neptune/metadata/Headers;ILjava/util/function/Supplier;Lcom/amazonaws/services/neptune/metadata/PropertyValueParser;Lcom/amazonaws/services/neptune/metadata/ConversionConfig;Ljava/util/Set;)V" line="84"><counter type="INSTRUCTION" missed="10" covered="0"/><counter type="LINE" missed="2" covered="0"/><counter type="COMPLEXITY" missed="1" covered="0"/><counter type="METHOD" missed="1" covered="0"/></method><method name="&lt;init&gt;" desc="(Lcom/amazonaws/services/neptune/metadata/Headers;ILjava/util/function/Supplier;Lcom/amazonaws/services/neptune/metadata/PropertyValueParser;Lcom/amazonaws/services/neptune/metadata/ConversionConfig;Ljava/util/Set;Ljava/util/Map;)V" line="73"><counter type="INSTRUCTION" missed="5" covered="76"/><counter type="BRANCH" missed="3" covered="7"/><counter type="LINE" missed="0" covered="16"/><counter type="COMPLEXITY" missed="3" covered="3"/><counter type="METHOD" missed="0" covered
[...]
a/io/PipedInputStream;Ljava/lang/Boolean;Ljava/lang/Throwable;)V" line="315"><counter type="INSTRUCTION" missed="0" covered="6"/><counter type="LINE" missed="0" covered="2"/><counter type="COMPLEXITY" missed="0" covered="1"/><counter type="METHOD" missed="0" covered="1"/></method><method name="lambda$uploadFileWithInflightCompression$4" desc="(Ljava/lang/String;Ljava/lang/Throwable;)Ljava/lang/Boolean;" line="306"><counter type="INSTRUCTION" missed="6" covered="10"/><counter type="BRANCH" missed="1" covered="1"/><counter type="LINE" missed="1" covered="3"/><counter type="COMPLEXITY" missed="1" covered="1"/><counter type="METHOD" missed="0" covered="1"/></method><method name="lambda$uploadFileWithInflightCompression$3" desc="(Ljava/io/File;Lsoftware/amazon/awssdk/transfer/s3/model/Upload;Ljava/lang/Void;)Ljava/lang/Boolean;" line="300"><counter type="INSTRUCTION" missed="0" covered="14"/><counter type="LINE" missed="0" covered="4"/><counter type="COMPLEXITY" missed="0" covered="1"/><counter type="METHOD" missed="0" covered="1"/></method><method name="lambda$uploadFilesInDirectory$2" desc="(Ljava/io/File;Ljava/lang/String;)Z" line="229"><counter type="INSTRUCTION" missed="0" covered="5"/><counter type="LINE" missed="0" covered="1"/><counter type="COMPLEXITY" missed="0" covered="1"/><counter type="METHOD" missed="0" covered="1"/></method><method name="lambda$uploadCsvFilesToS3$1" desc="(Ljava/lang/String;)Ljava/lang/String;" line="198"><counter type="INSTRUCTION" missed="0" covered="3"/><counter type="LINE" missed="0" covered="1"/><counter type="COMPLEXITY" missed="0" covered="1"/><counter type="METHOD" missed="0" covered="1"/></method><method name="lambda$uploadCsvFilesToS3$0" desc="(Ljava/lang/String;)Z" line="197"><counter type="INSTRUCTION" missed="1" covered="6"/><counter type="BRANCH" missed="1" covered="1"/><counter type="LINE" missed="0" covered="1"/><counter type="COMPLEXITY" missed="1" covered="1"/><counter type="METHOD" missed="0" covered="1"/></method><method name="&lt;clinit&gt;" desc="()V" line="67"><counter type="INSTRUCTION" missed="0" covered="67"/><counter type="LINE" missed="0" covered="18"/><counter type="COMPLEXITY" missed="0" covered="1"/><counter type="METHOD" missed="0" covered="1"/></method><counter type="INSTRUCTION" missed="81" covered="1059"/><counter type="BRANCH" missed="15" covered="47"/><counter type="LINE" missed="20" covered="271"/><counter type="COMPLEXITY" missed="15" covered="44"/><counter type="METHOD" missed="0" covered="28"/><counter type="CLASS" missed="0" covered="1"/></class><class name="com/amazonaws/services/neptune/util/CSVUtils" sourcefilename="CSVUtils.java"><method name="&lt;init&gt;" desc="()V" line="26"><counter type="INSTRUCTION" missed="3" covered="0"/><counter type="LINE" missed="1" covered="0"/><counter type="COMPLEXITY" missed="1" covered="0"/><counter type="METHOD" missed="1" covered="0"/></method><method name="newParser" desc="(Ljava/io/File;)Lorg/apache/commons/csv/CSVParser;" line="31"><counter type="INSTRUCTION" missed="4" covered="0"/><counter type="LINE" missed="1" covered="0"/><counter type="COMPLEXITY" missed="1" covered="0"/><counter type="METHOD" missed="1" covered="0"/></method><method name="newParser" desc="(Ljava/nio/file/Path;)Lorg/apache/commons/csv/CSVParser;" line="35"><counter type="INSTRUCTION" missed="5" covered="0"/><counter type="LINE" missed="1" covered="0"/><counter type="COMPLEXITY" missed="1" covered="0"/><counter type="METHOD" missed="1" covered="0"/></method><method name="firstRecord" desc="(Ljava/lang/String;)Lorg/apache/commons/csv/CSVRecord;" line="40"><counter type="INSTRUCTION" missed="13" covered="16"/><counter type="BRANCH" missed="1" covered="1"/><counter type="LINE" missed="3" covered="4"/><counter type="COMPLEXITY" missed="1" covered="1"/><counter type="METHOD" missed="0" covered="1"/></method><method name="&lt;clinit&gt;" desc="()V" line="28"><counter type="INSTRUCTION" missed="0" covered="7"/><counter type="LINE" missed="0" covered="1"/><counter type="COMPLEXITY" missed="0" covered="1"/><counter type="METHOD" missed="0" covered="1"/></method><counter type="INSTRUCTION" missed="25" covered="23"/><counter type="BRANCH" missed="1" covered="1"/><counter type="LINE" missed="6" covered="5"/><counter type="COMPLEXITY" missed="4" covered="2"/><counter type="METHOD" missed="3" covered="2"/><counter type="CLASS" missed="0" covered="1"/></class><sourcefile name="NeptuneBulkLoader.java"><line nr="67" mi="0" ci="4" mb="0" cb="0"/><line nr="68" mi="0" ci="4" mb="0" cb="0"/><line nr="69" mi="0" ci="4" mb="0" cb="0"/><line nr="70" mi="0" ci="3" mb="0" cb="0"/><line nr="72" mi="0" ci="4" mb="0" cb="0"/><line nr="73" mi="0" ci="4" mb="0" cb="0"/><line nr="74" mi="0" ci="4" mb="0" cb="0"/><line nr="75" mi="0" ci="4" mb="0" cb="0"/><line nr="76" mi="0" ci="4" mb="0" cb="0"/><line nr="77" mi="0" ci="4" mb="0" cb="0"/><line nr="78" mi="0" ci="4" mb="0" cb="0"/><line nr="79" mi="0" ci="4" mb="0" cb="0"/><line nr="80" mi="0" ci="4" mb="0" cb="0"/><line nr="81" mi="0" ci="4" mb="0" cb="0"/><line nr="82" mi="0" ci="4" mb="0" cb="0"/><line nr="83" mi="0" ci="4" mb="0" cb="0"/><line nr="84" mi="0" ci="3" mb="0" cb="0"/><line nr="85" mi="0" ci="1" mb="0" cb="0"/><line nr="99" mi="0" ci="2" mb="0" cb="0"/><line nr="100" mi="0" ci="7" mb="0" cb="0"/><line nr="101" mi="0" ci="7" mb="0" cb="0"/><line nr="102" mi="0" ci="4" mb="0" cb="0"/><line nr="103" mi="0" ci="6" mb="0" cb="0"/><line nr="104" mi="0" ci="4" mb="0" cb="0"/><line nr="105" mi="0" ci="5" mb="0" cb="0"/><line nr="106" mi="0" ci="5" mb="0" cb="0"/><line nr="109" mi="0" ci="5" mb="0" cb="0"/><line nr="112" mi="0" ci="3" mb="0" cb="0"/><line nr="113" mi="0" ci="2" mb="0" cb="0"/><line nr="114" mi="0" ci="4" mb="0" cb="0"/><line nr="115" mi="0" ci="2" mb="0" cb="0"/><line nr="116" mi="0" ci="4" mb="0" cb="0"/><line nr="117" mi="0" ci="3" mb="0" cb="0"/><line nr="118" mi="0" ci="3" mb="0" cb="0"/><line nr="119" mi="0" ci="3" mb="0" cb="0"/><line nr="120" mi="0" ci="3" mb="0" cb="0"/><line nr="121" mi="0" ci="3" mb="0" cb="0"/><line nr="122" mi="0" ci="2" mb="0" cb="0"/><line nr="124" mi="0" ci="4" mb="0" cb="0"/><line nr="125" mi="0" ci="3" mb="0" cb="0"/><line nr="126" mi="0" ci="2" mb="0" cb="0"/><line nr="127" mi="0" ci="2" mb="0" cb="0"/><line nr="128" mi="0" ci="3" mb="0" cb="0"/><line nr="131" mi="0" ci="3" mb="0" cb="0"/><line nr="132" mi="0" ci="1" mb="0" cb="0"/><line nr="133" mi="0" ci="2" mb="0" cb="0"/><line nr="135" mi="0" ci="3" mb="0" cb="0"/><line nr="136" mi="0" ci="2" mb="0" cb="0"/><line nr="137" mi="0" ci="2" mb="0" cb="0"/><line nr="140" mi="0" ci="2" mb="0" cb="0"/><line nr="141" mi="0" ci="1" mb="0" cb="0"/><line nr="151" mi="0" ci="4" mb="0" cb="0"/><line nr="152" mi="0" ci="4" mb="1" cb="1"/><line nr="153" mi="6" ci="0" mb="0" cb="0"/><line nr="155" mi="0" ci="5" mb="0" cb="0"/><line nr="162" mi="0" ci="5" mb="0" cb="0"/><line nr="163" mi="0" ci="5" mb="0" cb="0"/><line nr="164" mi="0" ci="6" mb="0" cb="0"/><line nr="165" mi="0" ci="5" mb="0" cb="0"/><line nr="166" mi="0" ci="5" mb="0" cb="0"/><line nr="167" mi="0" ci="5" mb="0" cb="0"/><line nr="168" mi="0" ci="5" mb="0" cb="0"/><line nr="169" mi="0" ci="2" mb="0" cb="0"/><line nr="170" mi="0" ci="1" mb="0" cb="0"/><line nr="173" mi="0" ci="2" mb="0" cb="0"/><line nr="174" mi="0" ci="7" mb="0" cb="0"/><line nr="175" mi="0" ci="7" mb="0" cb="0"/><line nr="176" mi="0" ci="4" mb="0" cb="0"/><line nr="177" mi="0" ci="9" mb="0" cb="0"/><line nr="178" mi="0" ci="4" mb="0" cb="0"/><line nr="179" mi="0" ci="4" mb="0" cb="0"/><line nr="180" mi="0" ci="5" mb="0" cb="0"/><line nr="181" mi="0" ci="5" mb="0" cb="0"/><line nr="182" mi="0" ci="3" mb="0" cb="0"/><line nr="183" mi="0" ci="3" mb="0" cb="0"/><line nr="184" mi="0" ci="1" mb="0" cb="0"/><line nr="190" mi="0" ci="3" mb="0" cb="0"/><line nr="193" mi="0" ci="8" mb="0" cb="0"/><line nr="196" mi="0" ci="4" mb="0" cb="0"/><line nr="197" mi="1" ci="8" mb="1" cb="1"/><line nr="198" mi="0" ci="5" mb="0" cb="0"/><line nr="199" mi="0" ci="5" mb="0" cb="0"/><line nr="203" mi="0" ci="4" mb="0" cb="0"/><line nr="204" mi="0" ci="1" mb="0" cb="0"/><line nr="205" mi="0" ci="4" mb="0" cb="0"/><line nr="206" mi="0" ci="6" mb="0" cb="0"/><line nr="207" mi="0" ci="1" mb="0" cb="0"/><line nr="209" mi="0" ci="5" mb="0" cb="0"/><line nr="210" mi="0" ci="4" mb="0" cb="0"/><line nr="211" mi="0" ci="2" mb="0" cb="0"/><line nr="219" mi="0" ci="5" mb="0" cb="0"/><line nr="221" mi="0" ci="6" mb="1" cb="3"/><line nr="222" mi="0" ci="6" mb="0" cb="0"/><line nr="225" mi="0" ci="7" mb="0" cb="0"/><line nr="229" mi="0" ci="9" mb="0" cb="0"/><line nr="231" mi="0" ci="5" mb="1" cb="3"/><line nr="232" mi="0" ci="4" mb="0" cb="0"/><line nr="233" mi="0" ci="6" mb="0" cb="0"/><line nr="237" mi="0" ci="4" mb="0" cb="0"/><line nr="238" mi="0" ci="6" mb="0" cb="0"/><line nr="239" mi="0" ci="1" mb="0" cb="0"/><line nr="245" mi="0" ci="8" mb="0" cb="2"/><line nr="246" mi="0" ci="4" mb="0" cb="0"/><line nr="247" mi="0" ci="5" mb="0" cb="0"/><line nr="249" mi="0" ci="10" mb="0" cb="0"/><line nr="253" mi="0" ci="9" mb="0" cb="0"/><line nr="255" mi="0" ci="2" mb="0" cb="2"/><line nr="256" mi="0" ci="5" mb="0" cb="0"/><line nr="257" mi="0" ci="7" mb="0" cb="0"/><line nr="260" mi="0" ci="10" mb="0" cb="0"/><line nr="263" mi="0" ci="1" mb="0" cb="0"/><line nr="264" mi="0" ci="5" mb="0" cb="0"/><line nr="265" mi="0" ci="8" mb="0" cb="0"/><line nr="266" mi="0" ci="1" mb="0" cb="0"/><line nr="269" mi="0" ci="5" mb="0" cb="0"/><line nr="270" mi="0" ci="1" mb="0" cb="0"/><line nr="276" mi="0" ci="5" mb="0" cb="0"/><line nr="277" mi="0" ci="6" mb="0" cb="4"/><line nr="278" mi="0" ci="6" mb="0" cb="0"/><line nr="281" mi="0" ci="3" mb="0" cb="0"/><line nr="282" mi="0" ci="5" mb="0" cb="0"/><line nr="283" mi="0" ci="5" mb="0" cb="0"/><line nr="284" mi="0" ci="6" mb="0" cb="0"/><line nr="286" mi="0" ci="2" mb="0" cb="0"/><line nr="287" mi="0" ci="4" mb="0" cb="0"/><line nr="288" mi="0" ci="5" mb="0" cb="0"/><line nr="291" mi="0" ci="5" mb="0" cb="0"/><line nr="292" mi="0" ci="6" mb="0" cb="0"/><line nr="294" mi="0" ci="3" mb="0" cb="0"/><line nr="295" mi="0" ci="5" mb="0" cb="0"/><line nr="298" mi="0" ci="16" mb="0" cb="0"/><line nr="299" mi="0" ci="4" mb="0" cb="0"/><line nr="300" mi="0" ci="3" mb="0" cb="0"/><line nr="301" mi="0" ci="2" mb="0" cb="0"/><line nr="302" mi="0" ci="6" mb="0" cb="0"/><line nr="303" mi="0" ci="3" mb="0" cb="0"/><line nr="305" mi="0" ci="6" mb="0" cb="0"/><line nr="306" mi="0" ci="4" mb="0" cb="0"/><line nr="308" mi="0" ci="3" mb="1" cb="1"/><line nr="309" mi="0" ci="3" mb="0" cb="0"/><line nr="311" mi="6" ci="0" mb="0" cb="0"/><line nr="314" mi="0" ci="1" mb="0" cb="0"/><line nr="315" mi="0" ci="5" mb="0" cb="0"/><line nr="316" mi="0" ci="1" mb="0" cb="0"/><line nr="318" mi="1" ci="0" mb="0" cb="0"/><line nr="320" mi="5" ci="0" mb="0" cb="0"/><line nr="321" mi="2" ci="0" mb="0" cb="0"/><line nr="329" mi="0" ci="5" mb="0" cb="0"/><line nr="330" mi="0" ci="5" mb="0" cb="0"/><line nr="331" mi="0" ci="5" mb="0" cb="0"/><line nr="332" mi="0" ci="5" mb="0" cb="0"/><line nr="334" mi="0" ci="4" mb="0" cb="0"/><line nr="335" mi="0" ci="2" mb="0" cb="0"/><line nr="337" mi="1" ci="0" mb="0" cb="0"/><line nr="338" mi="8" ci="0" mb="0" cb="0"/><line nr="339" mi="0" ci="1" mb="0" cb="0"/><line nr="340" mi="0" ci="1" mb="0" cb="0"/><line nr="347" mi="0" ci="5" mb="0" cb="0"/><line nr="348" mi="0" ci="5" mb="0" cb="0"/><line nr="349" mi="0" ci="2" mb="0" cb="0"/><line nr="350" mi="0" ci="2" mb="0" cb="0"/><line nr="351" mi="0" ci="1" mb="0" cb="0"/><line nr="352" mi="0" ci="2" mb="0" cb="0"/><line nr="353" mi="0" ci="2" mb="0" cb="0"/><line nr="354" mi="0" ci="2" mb="0" cb="0"/><line nr="355" mi="0" ci="2" mb="0" cb="0"/><line nr="356" mi="0" ci="1" mb="0" cb="0"/><line nr="357" mi="0" ci="2" mb="0" cb="0"/><line nr="359" mi="0" ci="1" mb="0" cb="0"/><line nr="366" mi="0" ci="4" mb="0" cb="0"/><line nr="367" mi="0" ci="6" mb="0" cb="0"/><line nr="368" mi="0" ci="5" mb="0" cb="0"/><line nr="370" mi="0" ci="4" mb="1" cb="1"/><line nr="371" mi="4" ci="0" mb="0" cb="0"/><line nr="372" mi="6" ci="0" mb="0" cb="0"/><line nr="373" mi="6" ci="0" mb="0" cb="0"/><line nr="374" mi="5" ci="0" mb="0" cb="0"/><line nr="376" mi="0" ci="1" mb="0" cb="0"/><line nr="383" mi="0" ci="2" mb="0" cb="0"/><line nr="385" mi="0" ci="2" mb="0" cb="0"/><line nr="386" mi="0" ci="2" mb="0" cb="0"/><line nr="387" mi="1" ci="0" mb="0" cb="0"/><line nr="389" mi="5" ci="0" mb="0" cb="0"/><line nr="390" mi="0" ci="1" mb="0" cb="0"/><line nr="391" mi="0" ci="1" mb="0" cb="0"/><line nr="397" mi="0" ci="3" mb="0" cb="0"/><line nr="398" mi="0" ci="3" mb="0" cb="2"/><line nr="399" mi="0" ci="7" mb="0" cb="0"/><line nr="402" mi="0" ci="4" mb="0" cb="0"/><line nr="405" mi="0" ci="2" mb="0" cb="0"/><line nr="406" mi="0" ci="2" mb="0" cb="0"/><line nr="409" mi="0" ci="7" mb="1" cb="1"/><line nr="411" mi="0" ci="6" mb="0" cb="0"/><line nr="413" mi="0" ci="4" mb="0" cb="2"/><line nr="414" mi="0" ci="3" mb="0" cb="0"/><line nr="415" mi="0" ci="7" mb="0" cb="0"/><line nr="418" mi="0" ci="7" mb="0" cb="0"/><line nr="420" mi="0" ci="7" mb="0" cb="0"/><line nr="421" mi="0" ci="2" mb="1" cb="1"/><line nr="422" mi="4" ci="0" mb="0" cb="0"/><line nr="423" mi="5" ci="0" mb="0" cb="0"/><line nr="425" mi="0" ci="4" mb="0" cb="0"/><line nr="426" mi="0" ci="2" mb="0" cb="0"/><line nr="427" mi="0" ci="1" mb="0" cb="0"/><line nr="428" mi="0" ci="3" mb="0" cb="2"/><line nr="430" mi="0" ci="2" mb="1" cb="1"/><line nr="431" mi="0" ci="7" mb="0" cb="0"/><line nr="432" mi="1" ci="1" mb="0" cb="0"/><line nr="433" mi="0" ci="3" mb="0" cb="0"/><line nr="435" mi="0" ci="3" mb="0" cb="0"/><line nr="436" mi="0" ci="6" mb="0" cb="0"/><line nr="438" mi="0" ci="8" mb="0" cb="0"/><line nr="440" mi="0" ci="6" mb="0" cb="0"/><line nr="441" mi="1" ci="0" mb="0" cb="0"/><line nr="442" mi="2" ci="0" mb="0" cb="0"/><line nr="443" mi="6" ci="0" mb="0" cb="0"/><line nr="444" mi="0" ci="1" mb="0" cb="0"/><line nr="447" mi="2" ci="0" mb="0" cb="0"/><line nr="451" mi="0" ci="4" mb="0" cb="0"/><line nr="452" mi="0" ci="4" mb="0" cb="0"/><line nr="454" mi="0" ci="3" mb="0" cb="0"/><line nr="455" mi="0" ci="4" mb="0" cb="0"/><line nr="456" mi="0" ci="2" mb="0" cb="0"/><line nr="457" mi="0" ci="3" mb="0" cb="0"/><line nr="458" mi="0" ci="2" mb="0" cb="0"/><line nr="459" mi="0" ci="1" mb="0" cb="0"/><line nr="463" mi="0" ci="24" mb="0" cb="0"/><line nr="483" mi="0" ci="3" mb="0" cb="0"/><line nr="484" mi="0" ci="4" mb="0" cb="0"/><line nr="486" mi="0" ci="2" mb="0" cb="0"/><line nr="487" mi="0" ci="4" mb="0" cb="0"/><line nr="488" mi="0" ci="1" mb="0" cb="0"/><line nr="489" mi="0" ci="2" mb="0" cb="0"/><line nr="490" mi="0" ci="2" mb="0" cb="0"/><line nr="491" mi="0" ci="2" mb="0" cb="0"/><line nr="493" mi="0" ci="6" mb="0" cb="0"/><line nr="494" mi="0" ci="4" mb="0" cb="2"/><line nr="495" mi="0" ci="5" mb="0" cb="0"/><line nr="496" mi="0" ci="2" mb="0" cb="0"/><line nr="499" mi="0" ci="7" mb="0" cb="0"/><line nr="500" mi="0" ci="6" mb="0" cb="2"/><line nr="501" mi="0" ci="5" mb="0" cb="2"/><line nr="502" mi="0" ci="7" mb="0" cb="0"/><line nr="505" mi="0" ci="3" mb="0" cb="0"/><line nr="506" mi="0" ci="6" mb="0" cb="0"/><line nr="507" mi="0" ci="2" mb="0" cb="0"/><line nr="508" mi="0" ci="1" mb="0" cb="0"/><line nr="509" mi="0" ci="5" mb="0" cb="0"/><line nr="510" mi="0" ci="2" mb="0" cb="0"/><line nr="518" mi="0" ci="4" mb="0" cb="0"/><line nr="519" mi="0" ci="2" mb="0" cb="0"/><line nr="521" mi="0" ci="3" mb="1" cb="1"/><line nr="522" mi="0" ci="4" mb="0" cb="0"/><line nr="524" mi="0" ci="2" mb="1" cb="1"/><line nr="525" mi="0" ci="5" mb="0" cb="0"/><line nr="526" mi="0" ci="2" mb="0" cb="0"/><line nr="528" mi="0" ci="6" mb="0" cb="2"/><line nr="529" mi="0" ci="4" mb="1" cb="1"/><line nr="530" mi="0" ci="4" mb="0" cb="0"/><line nr="531" mi="0" ci="6" mb="0" cb="0"/><line nr="532" mi="0" ci="4" mb="1" cb="1"/><line nr="533" mi="0" ci="5" mb="0" cb="0"/><line nr="536" mi="0" ci="4" mb="0" cb="2"/><line nr="537" mi="0" ci="4" mb="0" cb="0"/><line nr="538" mi="0" ci="1" mb="0" cb="0"/><line nr="539" mi="0" ci="4" mb="0" cb="2"/><line nr="540" mi="0" ci="4" mb="0" cb="0"/><line nr="541" mi="0" ci="4" mb="0" cb="0"/><line nr="542" mi="0" ci="1" mb="0" cb="0"/><line nr="544" mi="0" ci="4" mb="0" cb="0"/><line nr="548" mi="0" ci="2" mb="0" cb="0"/><line nr="549" mi="0" ci="1" mb="0" cb="0"/><line nr="550" mi="0" ci="1" mb="0" cb="0"/><line nr="552" mi="0" ci="3" mb="1" cb="1"/><line nr="553" mi="3" ci="0" mb="0" cb="0"/><line nr="556" mi="0" ci="1" mb="0" cb="0"/><line nr="562" mi="0" ci="5" mb="0" cb="0"/><line nr="564" mi="0" ci="2" mb="0" cb="0"/><line nr="565" mi="0" ci="4" mb="0" cb="0"/><line nr="566" mi="0" ci="1" mb="0" cb="0"/><line nr="567" mi="0" ci="2" mb="0" cb="0"/><line nr="568" mi="0" ci="2" mb="0" cb="0"/><line nr="569" mi="0" ci="2" mb="0" cb="0"/><line nr="571" mi="0" ci="5" mb="0" cb="0"/><line nr="572" mi="0" ci="1" mb="0" cb="0"/><line nr="574" mi="0" ci="4" mb="0" cb="2"/><line nr="575" mi="0" ci="4" mb="0" cb="0"/><line nr="577" mi="0" ci="10" mb="0" cb="0"/><line nr="586" mi="0" ci="3" mb="1" cb="1"/><line nr="587" mi="0" ci="3" mb="0" cb="0"/><line nr="589" mi="0" ci="1" mb="0" cb="0"/><counter type="INSTRUCTION" missed="81" covered="1059"/><counter type="BRANCH" missed="15" covered="47"/><counter type="LINE" missed="20" covered="271"/><counter type="COMPLEXITY" missed="15" covered="44"/><counter type="METHOD" missed="0" covered="28"/><counter type="CLASS" missed="0" covered="1"/></sourcefile><sourcefile name="Timer.java"><line nr="15" mi="2" ci="0" mb="0" cb="0"/><line nr="17" mi="4" ci="0" mb="0" cb="0"/><line nr="21" mi="2" ci="0" mb="0" cb="0"/><line nr="22" mi="16" ci="0" mb="0" cb="0"/><line nr="23" mi="1" ci="0" mb="0" cb="0"/><counter type="INSTRUCTION" missed="25" covered="0"/><counter type="LINE" missed="5" covered="0"/><counter type="COMPLEXITY" missed="2" covered="0"/><counter type="METHOD" missed="2" covered="0"/><counter type="CLASS" missed="1" covered="0"/></sourcefile><sourcefile name="CSVUtils.java"><line nr="26" mi="3" ci="0" mb="0" cb="0"/><line nr="28" mi="0" ci="7" mb="0" cb="0"/><line nr="31" mi="4" ci="0" mb="0" cb="0"/><line nr="35" mi="5" ci="0" mb="0" cb="0"/><line nr="40" mi="0" ci="4" mb="0" cb="0"/><line nr="41" mi="0" ci="3" mb="0" cb="0"/><line nr="42" mi="0" ci="4" mb="1" cb="1"/><line nr="43" mi="6" ci="0" mb="0" cb="0"/><line nr="45" mi="0" ci="5" mb="0" cb="0"/><line nr="46" mi="1" ci="0" mb="0" cb="0"/><line nr="47" mi="6" ci="0" mb="0" cb="0"/><counter type="INSTRUCTION" missed="25" covered="23"/><counter type="BRANCH" missed="1" covered="1"/><counter type="LINE" missed="6" covered="5"/><counter type="COMPLEXITY" missed="4" covered="2"/><counter type="METHOD" missed="3" covered="2"/><counter type="CLASS" missed="0" covered="1"/></sourcefile><sourcefile name="Utils.java"><line nr="21" mi="0" ci="7" mb="0" cb="2"/><line nr="22" mi="0" ci="17" mb="0" cb="2"/><line nr="23" mi="0" ci="17" mb="0" cb="2"/><line nr="24" mi="0" ci="13" mb="0" cb="0"/><counter type="INSTRUCTION" missed="0" covered="54"/><counter type="BRANCH" missed="0" covered="6"/><counter type="LINE" missed="0" covered="4"/><counter type="COMPLEXITY" missed="0" covered="4"/><counter type="METHOD" missed="0" covered="1"/><counter type="CLASS" missed="0" covered="1"/></sourcefile><counter type="INSTRUCTION" missed="131" covered="1136"/><counter type="BRANCH" missed="16" covered="54"/><counter type="LINE" missed="31" covered="280"/><counter type="COMPLEXITY" missed="21" covered="50"/><counter type="METHOD" missed="5" covered="31"/><counter type="CLASS" missed="1" covered="3"/></package><counter type="INSTRUCTION" missed="1420" covered="3547"/><counter type="BRANCH" missed="157" covered="346"/><counter type="LINE" missed="358" covered="790"/><counter type="COMPLEXITY" missed="164" covered="293"/><counter type="METHOD" missed="47" covered="157"/><counter type="CLASS" missed="5" covered="33"/></report>